2026-06-13 10:18:59,766 INFO     ui.main_window: GrabCutリクエスト受信: request_id=1, rect=(281, 1524, 169, 167), mode=add
2026-06-13 10:18:59,773 INFO     core.grabcut_worker: GrabCutWorker 開始 (request_id=1)
2026-06-13 10:18:59,776 INFO     core.grabcut_tool: GrabCut開始: 元画像 1920x1920, 矩形 (281, 1524, 169, 167), 反復 5
2026-06-13 10:18:59,776 INFO     core.grabcut_tool: ROI: x=249 y=1492 w=233 h=231
2026-06-13 10:18:59,776 INFO     core.grabcut_tool: GrabCut実行: 処理解像度 233x231, 矩形 (32,32,169,167), 反復 5
2026-06-13 10:19:00,027 INFO     core.grabcut_tool: GrabCut完了: 縮小率 1.0000, 処理解像度 233x231, 処理時間 0.253秒
2026-06-13 10:19:00,027 INFO     core.grabcut_worker: GrabCutWorker 完了 (request_id=1): 処理時間 0.253秒, 縮小率 1.0000
2026-06-13 10:21:52,842 INFO     ui.main_window: GrabCutリクエスト受信: request_id=1, rect=(189, 857, 600, 96), mode=add
2026-06-13 10:21:52,849 INFO     core.grabcut_worker: GrabCutWorker 開始 (request_id=1)
2026-06-13 10:21:52,850 INFO     core.grabcut_tool: GrabCut開始: 元画像 960x960, 矩形 (189, 857, 600, 96), 反復 5
2026-06-13 10:21:52,850 INFO     core.grabcut_tool: ROI: x=129 y=825 w=720 h=135
2026-06-13 10:21:52,850 INFO     core.grabcut_tool: GrabCut実行: 処理解像度 720x135, 矩形 (60,32,600,96), 反復 5
2026-06-13 10:21:53,188 INFO     core.grabcut_tool: GrabCut完了: 縮小率 1.0000, 処理解像度 720x135, 処理時間 0.338秒
2026-06-13 10:21:53,188 INFO     core.grabcut_worker: GrabCutWorker 完了 (request_id=1): 処理時間 0.338秒, 縮小率 1.0000
2026-06-13 10:47:27,405 INFO     ui.main_window: GrabCutリクエスト受信: request_id=1, rect=(383, 307, 103, 114), mode=add
2026-06-13 10:47:27,412 INFO     core.grabcut_worker: GrabCutWorker 開始 (request_id=1)
2026-06-13 10:47:27,412 INFO     core.grabcut_tool: GrabCut開始: 元画像 960x960, 矩形 (383, 307, 103, 114), 反復 5
2026-06-13 10:47:27,412 INFO     core.grabcut_tool: ROI: x=351 y=275 w=167 h=178
2026-06-13 10:47:27,412 INFO     core.grabcut_tool: GrabCut実行: 処理解像度 167x178, 矩形 (32,32,103,114), 反復 5
2026-06-13 10:47:27,468 INFO     core.grabcut_tool: GrabCut完了: 縮小率 1.0000, 処理解像度 167x178, 処理時間 0.057秒
2026-06-13 10:47:27,469 INFO     core.grabcut_worker: GrabCutWorker 完了 (request_id=1): 処理時間 0.057秒, 縮小率 1.0000
2026-06-13 11:15:26,525 INFO     ui.main_window: GrabCutリクエスト受信: request_id=1, rect=(207, 632, 149, 107), mode=add
2026-06-13 11:15:26,534 INFO     core.grabcut_worker: GrabCutWorker 開始 (request_id=1)
2026-06-13 11:15:26,535 INFO     core.grabcut_tool: GrabCut開始: 元画像 960x960, 矩形 (207, 632, 149, 107), 反復 5
2026-06-13 11:15:26,535 INFO     core.grabcut_tool: ROI: x=175 y=600 w=213 h=171
2026-06-13 11:15:26,535 INFO     core.grabcut_tool: GrabCut実行: 処理解像度 213x171, 矩形 (32,32,149,107), 反復 5
2026-06-13 11:15:26,593 INFO     core.grabcut_tool: GrabCut完了: 縮小率 1.0000, 処理解像度 213x171, 処理時間 0.059秒
2026-06-13 11:15:26,593 INFO     core.grabcut_worker: GrabCutWorker 完了 (request_id=1): 処理時間 0.059秒, 縮小率 1.0000
2026-06-13 11:29:21,695 INFO     ui.main_window: GrabCutリクエスト受信: request_id=1, rect=(187, 667, 140, 119), mode=add
2026-06-13 11:29:21,701 INFO     core.grabcut_worker: GrabCutWorker 開始 (request_id=1)
2026-06-13 11:29:21,701 INFO     core.grabcut_tool: GrabCut開始: 元画像 960x960, 矩形 (187, 667, 140, 119), 反復 5
2026-06-13 11:29:21,702 INFO     core.grabcut_tool: ROI: x=155 y=635 w=204 h=183
2026-06-13 11:29:21,702 INFO     core.grabcut_tool: GrabCut実行: 処理解像度 204x183, 矩形 (32,32,140,119), 反復 5
2026-06-13 11:29:21,784 INFO     core.grabcut_tool: GrabCut完了: 縮小率 1.0000, 処理解像度 204x183, 処理時間 0.083秒
2026-06-13 11:29:21,784 INFO     core.grabcut_worker: GrabCutWorker 完了 (request_id=1): 処理時間 0.083秒, 縮小率 1.0000
2026-06-13 11:29:21,791 INFO     ui.main_window: 古いGrabCut結果を破棄 (request_id=-1, current=1)
2026-06-13 11:29:23,876 INFO     ui.main_window: GrabCutリクエスト受信: request_id=2, rect=(299, 624, 151, 84), mode=add
2026-06-13 11:29:23,884 INFO     core.grabcut_worker: GrabCutWorker 開始 (request_id=2)
2026-06-13 11:29:23,885 INFO     core.grabcut_tool: GrabCut開始: 元画像 960x960, 矩形 (299, 624, 151, 84), 反復 5
2026-06-13 11:29:23,885 INFO     core.grabcut_tool: ROI: x=267 y=592 w=215 h=148
2026-06-13 11:29:23,885 INFO     core.grabcut_tool: GrabCut実行: 処理解像度 215x148, 矩形 (32,32,151,84), 反復 5
2026-06-13 11:29:23,942 INFO     core.grabcut_tool: GrabCut完了: 縮小率 1.0000, 処理解像度 215x148, 処理時間 0.057秒
2026-06-13 11:29:23,942 INFO     core.grabcut_worker: GrabCutWorker 完了 (request_id=2): 処理時間 0.057秒, 縮小率 1.0000
2026-06-13 11:29:23,947 INFO     ui.main_window: 古いGrabCut結果を破棄 (request_id=-1, current=2)
2026-06-13 11:29:25,548 INFO     ui.main_window: GrabCutリクエスト受信: request_id=3, rect=(389, 590, 63, 101), mode=add
2026-06-13 11:29:25,554 INFO     core.grabcut_worker: GrabCutWorker 開始 (request_id=3)
2026-06-13 11:29:25,554 INFO     core.grabcut_tool: GrabCut開始: 元画像 960x960, 矩形 (389, 590, 63, 101), 反復 5
2026-06-13 11:29:25,554 INFO     core.grabcut_tool: ROI: x=357 y=558 w=127 h=165
2026-06-13 11:29:25,554 INFO     core.grabcut_tool: GrabCut実行: 処理解像度 127x165, 矩形 (32,32,63,101), 反復 5
2026-06-13 11:29:25,581 WARNING  core.grabcut_worker: GrabCut ValueError (request_id=3): GrabCutに前景候補が見つかりませんでした。別の範囲を指定してください。
2026-06-13 11:29:25,585 WARNING  ui.main_window: GrabCutエラー: GrabCutに前景候補が見つかりませんでした。別の範囲を指定してください。
2026-06-13 11:29:31,765 INFO     ui.main_window: GrabCutリクエスト受信: request_id=4, rect=(173, 645, 245, 195), mode=add
2026-06-13 11:29:31,780 INFO     core.grabcut_worker: GrabCutWorker 開始 (request_id=4)
2026-06-13 11:29:31,780 INFO     core.grabcut_tool: GrabCut開始: 元画像 960x960, 矩形 (173, 645, 245, 195), 反復 5
2026-06-13 11:29:31,780 INFO     core.grabcut_tool: ROI: x=141 y=613 w=309 h=259
2026-06-13 11:29:31,781 INFO     core.grabcut_tool: GrabCut実行: 処理解像度 309x259, 矩形 (32,32,245,195), 反復 5
2026-06-13 11:29:32,209 INFO     core.grabcut_tool: GrabCut完了: 縮小率 1.0000, 処理解像度 309x259, 処理時間 0.429秒
2026-06-13 11:29:32,209 INFO     core.grabcut_worker: GrabCutWorker 完了 (request_id=4): 処理時間 0.429秒, 縮小率 1.0000
2026-06-13 11:29:32,213 INFO     ui.main_window: GrabCut完了: 元画像 960x960 | ROI 309x259 | 処理 309x259 | 縮小率 1.000 | 処理時間 0.43秒
2026-06-13 11:29:35,624 INFO     ui.main_window: GrabCutリクエスト受信: request_id=5, rect=(134, 540, 293, 211), mode=add
2026-06-13 11:29:35,637 INFO     core.grabcut_worker: GrabCutWorker 開始 (request_id=5)
2026-06-13 11:29:35,637 INFO     core.grabcut_tool: GrabCut開始: 元画像 960x960, 矩形 (134, 540, 293, 211), 反復 5
2026-06-13 11:29:35,637 INFO     core.grabcut_tool: ROI: x=102 y=508 w=357 h=275
2026-06-13 11:29:35,637 INFO     core.grabcut_tool: GrabCut実行: 処理解像度 357x275, 矩形 (32,32,293,211), 反復 5
2026-06-13 11:29:36,228 INFO     core.grabcut_tool: GrabCut完了: 縮小率 1.0000, 処理解像度 357x275, 処理時間 0.591秒
2026-06-13 11:29:36,228 INFO     core.grabcut_worker: GrabCutWorker 完了 (request_id=5): 処理時間 0.591秒, 縮小率 1.0000
2026-06-13 11:29:36,232 INFO     ui.main_window: GrabCut完了: 元画像 960x960 | ROI 357x275 | 処理 357x275 | 縮小率 1.000 | 処理時間 0.59秒
2026-06-13 11:30:10,124 INFO     ui.main_window: GrabCutリクエスト受信: request_id=1, rect=(201, 622, 190, 102), mode=remove
2026-06-13 11:30:10,131 INFO     core.grabcut_worker: GrabCutWorker 開始 (request_id=1)
2026-06-13 11:30:10,132 INFO     core.grabcut_tool: GrabCut開始: 元画像 960x960, 矩形 (201, 622, 190, 102), 反復 5
2026-06-13 11:30:10,132 INFO     core.grabcut_tool: ROI: x=169 y=590 w=254 h=166
2026-06-13 11:30:10,132 INFO     core.grabcut_tool: GrabCut実行: 処理解像度 254x166, 矩形 (32,32,190,102), 反復 5
2026-06-13 11:30:10,214 INFO     core.grabcut_tool: GrabCut完了: 縮小率 1.0000, 処理解像度 254x166, 処理時間 0.083秒
2026-06-13 11:30:10,214 INFO     core.grabcut_worker: GrabCutWorker 完了 (request_id=1): 処理時間 0.083秒, 縮小率 1.0000
2026-06-13 11:30:10,219 INFO     ui.main_window: 古いGrabCut結果を破棄 (request_id=-1, current=1)
2026-06-13 11:30:20,569 INFO     ui.main_window: GrabCutリクエスト受信: request_id=2, rect=(211, 843, 189, 100), mode=add
2026-06-13 11:30:20,580 INFO     core.grabcut_worker: GrabCutWorker 開始 (request_id=2)
2026-06-13 11:30:20,581 INFO     core.grabcut_tool: GrabCut開始: 元画像 960x960, 矩形 (211, 843, 189, 100), 反復 5
2026-06-13 11:30:20,581 INFO     core.grabcut_tool: ROI: x=179 y=811 w=253 h=149
2026-06-13 11:30:20,581 INFO     core.grabcut_tool: GrabCut実行: 処理解像度 253x149, 矩形 (32,32,189,100), 反復 5
2026-06-13 11:30:20,653 WARNING  core.grabcut_worker: GrabCut ValueError (request_id=2): GrabCutに前景候補が見つかりませんでした。別の範囲を指定してください。
2026-06-13 11:30:20,657 WARNING  ui.main_window: GrabCutエラー: GrabCutに前景候補が見つかりませんでした。別の範囲を指定してください。
2026-06-13 11:30:25,223 INFO     ui.main_window: GrabCutリクエスト受信: request_id=3, rect=(66, 40, 265, 199), mode=add
2026-06-13 11:30:25,233 INFO     core.grabcut_worker: GrabCutWorker 開始 (request_id=3)
2026-06-13 11:30:25,233 INFO     core.grabcut_tool: GrabCut開始: 元画像 960x960, 矩形 (66, 40, 265, 199), 反復 5
2026-06-13 11:30:25,233 INFO     core.grabcut_tool: ROI: x=34 y=8 w=329 h=263
2026-06-13 11:30:25,233 INFO     core.grabcut_tool: GrabCut実行: 処理解像度 329x263, 矩形 (32,32,265,199), 反復 5
2026-06-13 11:30:25,446 WARNING  core.grabcut_worker: GrabCut ValueError (request_id=3): GrabCutに前景候補が見つかりませんでした。別の範囲を指定してください。
2026-06-13 11:30:25,451 WARNING  ui.main_window: GrabCutエラー: GrabCutに前景候補が見つかりませんでした。別の範囲を指定してください。
2026-06-13 11:30:28,216 INFO     ui.main_window: GrabCutリクエスト受信: request_id=4, rect=(169, 410, 72, 85), mode=add
2026-06-13 11:30:28,224 INFO     core.grabcut_worker: GrabCutWorker 開始 (request_id=4)
2026-06-13 11:30:28,224 INFO     core.grabcut_tool: GrabCut開始: 元画像 960x960, 矩形 (169, 410, 72, 85), 反復 5
2026-06-13 11:30:28,224 INFO     core.grabcut_tool: ROI: x=137 y=378 w=136 h=149
2026-06-13 11:30:28,224 INFO     core.grabcut_tool: GrabCut実行: 処理解像度 136x149, 矩形 (32,32,72,85), 反復 5
2026-06-13 11:30:28,250 WARNING  core.grabcut_worker: GrabCut ValueError (request_id=4): GrabCutに前景候補が見つかりませんでした。別の範囲を指定してください。
2026-06-13 11:30:28,254 WARNING  ui.main_window: GrabCutエラー: GrabCutに前景候補が見つかりませんでした。別の範囲を指定してください。
2026-06-13 11:30:42,560 INFO     ui.main_window: GrabCutリクエスト受信: request_id=5, rect=(0, 424, 232, 146), mode=add
2026-06-13 11:30:42,566 INFO     core.grabcut_worker: GrabCutWorker 開始 (request_id=5)
2026-06-13 11:30:42,567 INFO     core.grabcut_tool: GrabCut開始: 元画像 960x960, 矩形 (0, 424, 232, 146), 反復 5
2026-06-13 11:30:42,567 INFO     core.grabcut_tool: ROI: x=0 y=392 w=264 h=210
2026-06-13 11:30:42,567 INFO     core.grabcut_tool: GrabCut実行: 処理解像度 264x210, 矩形 (0,32,232,146), 反復 5
2026-06-13 11:30:42,767 INFO     core.grabcut_tool: GrabCut完了: 縮小率 1.0000, 処理解像度 264x210, 処理時間 0.200秒
2026-06-13 11:30:42,767 INFO     core.grabcut_worker: GrabCutWorker 完了 (request_id=5): 処理時間 0.200秒, 縮小率 1.0000
2026-06-13 11:30:42,771 INFO     ui.main_window: 古いGrabCut結果を破棄 (request_id=-1, current=5)
2026-06-13 11:30:50,801 INFO     ui.main_window: GrabCutリクエスト受信: request_id=6, rect=(28, 524, 93, 86), mode=add
2026-06-13 11:30:50,809 INFO     core.grabcut_worker: GrabCutWorker 開始 (request_id=6)
2026-06-13 11:30:50,810 INFO     core.grabcut_tool: GrabCut開始: 元画像 960x960, 矩形 (28, 524, 93, 86), 反復 5
2026-06-13 11:30:50,810 INFO     core.grabcut_tool: ROI: x=0 y=492 w=153 h=150
2026-06-13 11:30:50,810 INFO     core.grabcut_tool: GrabCut実行: 処理解像度 153x150, 矩形 (28,32,93,86), 反復 5
2026-06-13 11:30:50,847 INFO     core.grabcut_tool: GrabCut完了: 縮小率 1.0000, 処理解像度 153x150, 処理時間 0.038秒
2026-06-13 11:30:50,847 INFO     core.grabcut_worker: GrabCutWorker 完了 (request_id=6): 処理時間 0.038秒, 縮小率 1.0000
2026-06-13 11:30:50,931 INFO     ui.main_window: 古いGrabCut結果を破棄 (request_id=-1, current=6)
2026-06-13 11:30:54,920 INFO     ui.main_window: GrabCutリクエスト受信: request_id=7, rect=(48, 556, 46, 30), mode=add
2026-06-13 11:30:54,926 INFO     core.grabcut_worker: GrabCutWorker 開始 (request_id=7)
2026-06-13 11:30:54,927 INFO     core.grabcut_tool: GrabCut開始: 元画像 960x960, 矩形 (48, 556, 46, 30), 反復 5
2026-06-13 11:30:54,927 INFO     core.grabcut_tool: ROI: x=16 y=524 w=110 h=94
2026-06-13 11:30:54,927 INFO     core.grabcut_tool: GrabCut実行: 処理解像度 110x94, 矩形 (32,32,46,30), 反復 5
2026-06-13 11:30:54,939 WARNING  core.grabcut_worker: GrabCut ValueError (request_id=7): GrabCutに前景候補が見つかりませんでした。別の範囲を指定してください。
2026-06-13 11:30:55,051 WARNING  ui.main_window: GrabCutエラー: GrabCutに前景候補が見つかりませんでした。別の範囲を指定してください。
2026-06-13 11:31:00,685 INFO     ui.main_window: GrabCutリクエスト受信: request_id=8, rect=(25, 439, 62, 76), mode=remove
2026-06-13 11:31:00,693 INFO     core.grabcut_worker: GrabCutWorker 開始 (request_id=8)
2026-06-13 11:31:00,693 INFO     core.grabcut_tool: GrabCut開始: 元画像 960x960, 矩形 (25, 439, 62, 76), 反復 5
2026-06-13 11:31:00,693 INFO     core.grabcut_tool: ROI: x=0 y=407 w=119 h=140
2026-06-13 11:31:00,693 INFO     core.grabcut_tool: GrabCut実行: 処理解像度 119x140, 矩形 (25,32,62,76), 反復 5
2026-06-13 11:31:00,718 INFO     core.grabcut_tool: GrabCut完了: 縮小率 1.0000, 処理解像度 119x140, 処理時間 0.025秒
2026-06-13 11:31:00,719 INFO     core.grabcut_worker: GrabCutWorker 完了 (request_id=8): 処理時間 0.025秒, 縮小率 1.0000
2026-06-13 11:31:00,815 INFO     ui.main_window: 古いGrabCut結果を破棄 (request_id=-1, current=8)
2026-06-13 11:31:02,603 INFO     ui.main_window: GrabCutリクエスト受信: request_id=9, rect=(71, 466, 130, 71), mode=remove
2026-06-13 11:31:02,613 INFO     core.grabcut_worker: GrabCutWorker 開始 (request_id=9)
2026-06-13 11:31:02,613 INFO     core.grabcut_tool: GrabCut開始: 元画像 960x960, 矩形 (71, 466, 130, 71), 反復 5
2026-06-13 11:31:02,613 INFO     core.grabcut_tool: ROI: x=39 y=434 w=194 h=135
2026-06-13 11:31:02,613 INFO     core.grabcut_tool: GrabCut実行: 処理解像度 194x135, 矩形 (32,32,130,71), 反復 5
2026-06-13 11:31:02,656 WARNING  core.grabcut_worker: GrabCut ValueError (request_id=9): GrabCutに前景候補が見つかりませんでした。別の範囲を指定してください。
2026-06-13 11:31:02,736 WARNING  ui.main_window: GrabCutエラー: GrabCutに前景候補が見つかりませんでした。別の範囲を指定してください。
2026-06-13 11:31:07,424 INFO     ui.main_window: GrabCutリクエスト受信: request_id=10, rect=(236, 811, 295, 112), mode=remove
2026-06-13 11:31:07,430 INFO     core.grabcut_worker: GrabCutWorker 開始 (request_id=10)
2026-06-13 11:31:07,431 INFO     core.grabcut_tool: GrabCut開始: 元画像 960x960, 矩形 (236, 811, 295, 112), 反復 5
2026-06-13 11:31:07,431 INFO     core.grabcut_tool: ROI: x=204 y=779 w=359 h=176
2026-06-13 11:31:07,431 INFO     core.grabcut_tool: GrabCut実行: 処理解像度 359x176, 矩形 (32,32,295,112), 反復 5
2026-06-13 11:31:07,574 INFO     core.grabcut_tool: GrabCut完了: 縮小率 1.0000, 処理解像度 359x176, 処理時間 0.143秒
2026-06-13 11:31:07,574 INFO     core.grabcut_worker: GrabCutWorker 完了 (request_id=10): 処理時間 0.143秒, 縮小率 1.0000
2026-06-13 11:31:07,578 INFO     ui.main_window: 古いGrabCut結果を破棄 (request_id=-1, current=10)
2026-06-13 11:31:09,427 INFO     ui.main_window: GrabCutリクエスト受信: request_id=11, rect=(271, 293, 421, 232), mode=remove
2026-06-13 11:31:09,433 INFO     core.grabcut_worker: GrabCutWorker 開始 (request_id=11)
2026-06-13 11:31:09,434 INFO     core.grabcut_tool: GrabCut開始: 元画像 960x960, 矩形 (271, 293, 421, 232), 反復 5
2026-06-13 11:31:09,434 INFO     core.grabcut_tool: ROI: x=229 y=261 w=505 h=296
2026-06-13 11:31:09,434 INFO     core.grabcut_tool: GrabCut実行: 処理解像度 505x296, 矩形 (42,32,421,232), 反復 5
2026-06-13 11:31:09,863 WARNING  core.grabcut_worker: GrabCut ValueError (request_id=11): GrabCutに前景候補が見つかりませんでした。別の範囲を指定してください。
2026-06-13 11:31:09,868 WARNING  ui.main_window: GrabCutエラー: GrabCutに前景候補が見つかりませんでした。別の範囲を指定してください。
2026-06-13 11:31:17,756 INFO     ui.main_window: GrabCutリクエスト受信: request_id=12, rect=(566, 88, 163, 156), mode=remove
2026-06-13 11:31:17,767 INFO     core.grabcut_worker: GrabCutWorker 開始 (request_id=12)
2026-06-13 11:31:17,767 INFO     core.grabcut_tool: GrabCut開始: 元画像 960x960, 矩形 (566, 88, 163, 156), 反復 5
2026-06-13 11:31:17,767 INFO     core.grabcut_tool: ROI: x=534 y=56 w=227 h=220
2026-06-13 11:31:17,767 INFO     core.grabcut_tool: GrabCut実行: 処理解像度 227x220, 矩形 (32,32,163,156), 反復 5
2026-06-13 11:31:17,865 INFO     core.grabcut_tool: GrabCut完了: 縮小率 1.0000, 処理解像度 227x220, 処理時間 0.099秒
2026-06-13 11:31:17,866 INFO     core.grabcut_worker: GrabCutWorker 完了 (request_id=12): 処理時間 0.099秒, 縮小率 1.0000
2026-06-13 11:31:17,870 INFO     ui.main_window: 古いGrabCut結果を破棄 (request_id=-1, current=12)
2026-06-13 11:31:44,015 INFO     ui.main_window: GrabCutリクエスト受信: request_id=13, rect=(594, 806, 130, 94), mode=add
2026-06-13 11:31:44,025 INFO     core.grabcut_worker: GrabCutWorker 開始 (request_id=13)
2026-06-13 11:31:44,025 INFO     core.grabcut_tool: GrabCut開始: 元画像 960x960, 矩形 (594, 806, 130, 94), 反復 5
2026-06-13 11:31:44,025 INFO     core.grabcut_tool: ROI: x=562 y=774 w=194 h=158
2026-06-13 11:31:44,025 INFO     core.grabcut_tool: GrabCut実行: 処理解像度 194x158, 矩形 (32,32,130,94), 反復 5
2026-06-13 11:31:44,086 WARNING  core.grabcut_worker: GrabCut ValueError (request_id=13): GrabCutに前景候補が見つかりませんでした。別の範囲を指定してください。
2026-06-13 11:31:44,090 WARNING  ui.main_window: GrabCutエラー: GrabCutに前景候補が見つかりませんでした。別の範囲を指定してください。
2026-06-13 11:31:47,986 INFO     ui.main_window: GrabCutリクエスト受信: request_id=14, rect=(784, 637, 173, 159), mode=add
2026-06-13 11:31:47,996 INFO     core.grabcut_worker: GrabCutWorker 開始 (request_id=14)
2026-06-13 11:31:47,997 INFO     core.grabcut_tool: GrabCut開始: 元画像 960x960, 矩形 (784, 637, 173, 159), 反復 5
2026-06-13 11:31:47,997 INFO     core.grabcut_tool: ROI: x=752 y=605 w=208 h=223
2026-06-13 11:31:47,997 INFO     core.grabcut_tool: GrabCut実行: 処理解像度 208x223, 矩形 (32,32,173,159), 反復 5
2026-06-13 11:31:48,216 INFO     core.grabcut_tool: GrabCut完了: 縮小率 1.0000, 処理解像度 208x223, 処理時間 0.220秒
2026-06-13 11:31:48,216 INFO     core.grabcut_worker: GrabCutWorker 完了 (request_id=14): 処理時間 0.220秒, 縮小率 1.0000
2026-06-13 11:31:48,220 INFO     ui.main_window: GrabCut完了: 元画像 960x960 | ROI 208x223 | 処理 208x223 | 縮小率 1.000 | 処理時間 0.22秒
2026-06-13 11:31:54,986 INFO     ui.main_window: GrabCutリクエスト受信: request_id=15, rect=(727, 607, 120, 88), mode=add
2026-06-13 11:31:54,993 INFO     core.grabcut_worker: GrabCutWorker 開始 (request_id=15)
2026-06-13 11:31:54,993 INFO     core.grabcut_tool: GrabCut開始: 元画像 960x960, 矩形 (727, 607, 120, 88), 反復 5
2026-06-13 11:31:54,993 INFO     core.grabcut_tool: ROI: x=695 y=575 w=184 h=152
2026-06-13 11:31:54,993 INFO     core.grabcut_tool: GrabCut実行: 処理解像度 184x152, 矩形 (32,32,120,88), 反復 5
2026-06-13 11:31:55,051 INFO     core.grabcut_tool: GrabCut完了: 縮小率 1.0000, 処理解像度 184x152, 処理時間 0.058秒
2026-06-13 11:31:55,051 INFO     core.grabcut_worker: GrabCutWorker 完了 (request_id=15): 処理時間 0.058秒, 縮小率 1.0000
2026-06-13 11:31:55,075 INFO     ui.main_window: 古いGrabCut結果を破棄 (request_id=-1, current=15)
2026-06-13 11:31:56,898 INFO     ui.main_window: GrabCutリクエスト受信: request_id=16, rect=(779, 631, 65, 59), mode=add
2026-06-13 11:31:56,905 INFO     core.grabcut_worker: GrabCutWorker 開始 (request_id=16)
2026-06-13 11:31:56,906 INFO     core.grabcut_tool: GrabCut開始: 元画像 960x960, 矩形 (779, 631, 65, 59), 反復 5
2026-06-13 11:31:56,906 INFO     core.grabcut_tool: ROI: x=747 y=599 w=129 h=123
2026-06-13 11:31:56,906 INFO     core.grabcut_tool: GrabCut実行: 処理解像度 129x123, 矩形 (32,32,65,59), 反復 5
2026-06-13 11:31:56,930 INFO     core.grabcut_tool: GrabCut完了: 縮小率 1.0000, 処理解像度 129x123, 処理時間 0.025秒
2026-06-13 11:31:56,932 INFO     core.grabcut_worker: GrabCutWorker 完了 (request_id=16): 処理時間 0.025秒, 縮小率 1.0000
2026-06-13 11:31:56,990 INFO     ui.main_window: 古いGrabCut結果を破棄 (request_id=-1, current=16)
2026-06-13 11:31:58,572 INFO     ui.main_window: GrabCutリクエスト受信: request_id=17, rect=(721, 593, 135, 96), mode=add
2026-06-13 11:31:58,580 INFO     core.grabcut_worker: GrabCutWorker 開始 (request_id=17)
2026-06-13 11:31:58,581 INFO     core.grabcut_tool: GrabCut開始: 元画像 960x960, 矩形 (721, 593, 135, 96), 反復 5
2026-06-13 11:31:58,581 INFO     core.grabcut_tool: ROI: x=689 y=561 w=199 h=160
2026-06-13 11:31:58,581 INFO     core.grabcut_tool: GrabCut実行: 処理解像度 199x160, 矩形 (32,32,135,96), 反復 5
2026-06-13 11:31:58,639 INFO     core.grabcut_tool: GrabCut完了: 縮小率 1.0000, 処理解像度 199x160, 処理時間 0.058秒
2026-06-13 11:31:58,639 INFO     core.grabcut_worker: GrabCutWorker 完了 (request_id=17): 処理時間 0.058秒, 縮小率 1.0000
2026-06-13 11:31:58,665 INFO     ui.main_window: 古いGrabCut結果を破棄 (request_id=-1, current=17)
2026-06-13 11:32:01,779 INFO     ui.main_window: GrabCutリクエスト受信: request_id=18, rect=(699, 529, 221, 186), mode=add
2026-06-13 11:32:01,786 INFO     core.grabcut_worker: GrabCutWorker 開始 (request_id=18)
2026-06-13 11:32:01,786 INFO     core.grabcut_tool: GrabCut開始: 元画像 960x960, 矩形 (699, 529, 221, 186), 反復 5
2026-06-13 11:32:01,786 INFO     core.grabcut_tool: ROI: x=667 y=497 w=285 h=250
2026-06-13 11:32:01,786 INFO     core.grabcut_tool: GrabCut実行: 処理解像度 285x250, 矩形 (32,32,221,186), 反復 5
2026-06-13 11:32:02,025 INFO     core.grabcut_tool: GrabCut完了: 縮小率 1.0000, 処理解像度 285x250, 処理時間 0.239秒
2026-06-13 11:32:02,025 INFO     core.grabcut_worker: GrabCutWorker 完了 (request_id=18): 処理時間 0.239秒, 縮小率 1.0000
2026-06-13 11:32:02,029 INFO     ui.main_window: 古いGrabCut結果を破棄 (request_id=-1, current=18)
2026-06-13 11:32:04,627 INFO     ui.main_window: GrabCutリクエスト受信: request_id=19, rect=(733, 466, 170, 264), mode=add
2026-06-13 11:32:04,634 INFO     core.grabcut_worker: GrabCutWorker 開始 (request_id=19)
2026-06-13 11:32:04,635 INFO     core.grabcut_tool: GrabCut開始: 元画像 960x960, 矩形 (733, 466, 170, 264), 反復 5
2026-06-13 11:32:04,635 INFO     core.grabcut_tool: ROI: x=701 y=434 w=234 h=328
2026-06-13 11:32:04,635 INFO     core.grabcut_tool: GrabCut実行: 処理解像度 234x328, 矩形 (32,32,170,264), 反復 5
2026-06-13 11:32:04,905 INFO     core.grabcut_tool: GrabCut完了: 縮小率 1.0000, 処理解像度 234x328, 処理時間 0.270秒
2026-06-13 11:32:04,905 INFO     core.grabcut_worker: GrabCutWorker 完了 (request_id=19): 処理時間 0.270秒, 縮小率 1.0000
2026-06-13 11:32:04,908 INFO     ui.main_window: GrabCut完了: 元画像 960x960 | ROI 234x328 | 処理 234x328 | 縮小率 1.000 | 処理時間 0.27秒
2026-06-13 11:32:09,848 INFO     ui.main_window: GrabCutリクエスト受信: request_id=20, rect=(736, 506, 140, 220), mode=add
2026-06-13 11:32:09,854 INFO     core.grabcut_worker: GrabCutWorker 開始 (request_id=20)
2026-06-13 11:32:09,855 INFO     core.grabcut_tool: GrabCut開始: 元画像 960x960, 矩形 (736, 506, 140, 220), 反復 5
2026-06-13 11:32:09,855 INFO     core.grabcut_tool: ROI: x=704 y=474 w=204 h=284
2026-06-13 11:32:09,855 INFO     core.grabcut_tool: GrabCut実行: 処理解像度 204x284, 矩形 (32,32,140,220), 反復 5
2026-06-13 11:32:10,092 INFO     core.grabcut_tool: GrabCut完了: 縮小率 1.0000, 処理解像度 204x284, 処理時間 0.237秒
2026-06-13 11:32:10,092 INFO     core.grabcut_worker: GrabCutWorker 完了 (request_id=20): 処理時間 0.237秒, 縮小率 1.0000
2026-06-13 11:32:10,096 INFO     ui.main_window: GrabCut完了: 元画像 960x960 | ROI 204x284 | 処理 204x284 | 縮小率 1.000 | 処理時間 0.24秒
2026-06-13 11:32:16,174 INFO     ui.main_window: GrabCutリクエスト受信: request_id=21, rect=(320, 533, 197, 133), mode=add
2026-06-13 11:32:16,182 INFO     core.grabcut_worker: GrabCutWorker 開始 (request_id=21)
2026-06-13 11:32:16,182 INFO     core.grabcut_tool: GrabCut開始: 元画像 960x960, 矩形 (320, 533, 197, 133), 反復 5
2026-06-13 11:32:16,183 INFO     core.grabcut_tool: ROI: x=288 y=501 w=261 h=197
2026-06-13 11:32:16,183 INFO     core.grabcut_tool: GrabCut実行: 処理解像度 261x197, 矩形 (32,32,197,133), 反復 5
2026-06-13 11:32:16,313 INFO     core.grabcut_tool: GrabCut完了: 縮小率 1.0000, 処理解像度 261x197, 処理時間 0.131秒
2026-06-13 11:32:16,313 INFO     core.grabcut_worker: GrabCutWorker 完了 (request_id=21): 処理時間 0.131秒, 縮小率 1.0000
2026-06-13 11:32:16,317 INFO     ui.main_window: 古いGrabCut結果を破棄 (request_id=-1, current=21)
2026-06-13 11:32:18,857 INFO     ui.main_window: GrabCutリクエスト受信: request_id=22, rect=(320, 547, 243, 136), mode=add
2026-06-13 11:32:18,863 INFO     core.grabcut_worker: GrabCutWorker 開始 (request_id=22)
2026-06-13 11:32:18,864 INFO     core.grabcut_tool: GrabCut開始: 元画像 960x960, 矩形 (320, 547, 243, 136), 反復 5
2026-06-13 11:32:18,864 INFO     core.grabcut_tool: ROI: x=288 y=515 w=307 h=200
2026-06-13 11:32:18,864 INFO     core.grabcut_tool: GrabCut実行: 処理解像度 307x200, 矩形 (32,32,243,136), 反復 5
2026-06-13 11:32:19,065 INFO     core.grabcut_tool: GrabCut完了: 縮小率 1.0000, 処理解像度 307x200, 処理時間 0.202秒
2026-06-13 11:32:19,066 INFO     core.grabcut_worker: GrabCutWorker 完了 (request_id=22): 処理時間 0.202秒, 縮小率 1.0000
2026-06-13 11:32:19,069 INFO     ui.main_window: GrabCut完了: 元画像 960x960 | ROI 307x200 | 処理 307x200 | 縮小率 1.000 | 処理時間 0.20秒
2026-06-13 11:32:21,637 INFO     ui.main_window: GrabCutリクエスト受信: request_id=23, rect=(299, 546, 196, 111), mode=add
2026-06-13 11:32:21,648 INFO     core.grabcut_worker: GrabCutWorker 開始 (request_id=23)
2026-06-13 11:32:21,648 INFO     core.grabcut_tool: GrabCut開始: 元画像 960x960, 矩形 (299, 546, 196, 111), 反復 5
2026-06-13 11:32:21,648 INFO     core.grabcut_tool: ROI: x=267 y=514 w=260 h=175
2026-06-13 11:32:21,648 INFO     core.grabcut_tool: GrabCut実行: 処理解像度 260x175, 矩形 (32,32,196,111), 反復 5
2026-06-13 11:32:21,750 INFO     core.grabcut_tool: GrabCut完了: 縮小率 1.0000, 処理解像度 260x175, 処理時間 0.102秒
2026-06-13 11:32:21,750 INFO     core.grabcut_worker: GrabCutWorker 完了 (request_id=23): 処理時間 0.102秒, 縮小率 1.0000
2026-06-13 11:32:21,797 INFO     ui.main_window: 古いGrabCut結果を破棄 (request_id=-1, current=23)
2026-06-13 11:32:23,846 INFO     ui.main_window: GrabCutリクエスト受信: request_id=24, rect=(319, 540, 210, 115), mode=add
2026-06-13 11:32:23,853 INFO     core.grabcut_worker: GrabCutWorker 開始 (request_id=24)
2026-06-13 11:32:23,853 INFO     core.grabcut_tool: GrabCut開始: 元画像 960x960, 矩形 (319, 540, 210, 115), 反復 5
2026-06-13 11:32:23,853 INFO     core.grabcut_tool: ROI: x=287 y=508 w=274 h=179
2026-06-13 11:32:23,854 INFO     core.grabcut_tool: GrabCut実行: 処理解像度 274x179, 矩形 (32,32,210,115), 反復 5
2026-06-13 11:32:23,978 INFO     core.grabcut_tool: GrabCut完了: 縮小率 1.0000, 処理解像度 274x179, 処理時間 0.125秒
2026-06-13 11:32:23,978 INFO     core.grabcut_worker: GrabCutWorker 完了 (request_id=24): 処理時間 0.125秒, 縮小率 1.0000
2026-06-13 11:32:23,983 INFO     ui.main_window: 古いGrabCut結果を破棄 (request_id=-1, current=24)
2026-06-13 11:32:25,869 INFO     ui.main_window: GrabCutリクエスト受信: request_id=25, rect=(298, 580, 167, 108), mode=add
2026-06-13 11:32:25,879 INFO     core.grabcut_worker: GrabCutWorker 開始 (request_id=25)
2026-06-13 11:32:25,879 INFO     core.grabcut_tool: GrabCut開始: 元画像 960x960, 矩形 (298, 580, 167, 108), 反復 5
2026-06-13 11:32:25,880 INFO     core.grabcut_tool: ROI: x=266 y=548 w=231 h=172
2026-06-13 11:32:25,880 INFO     core.grabcut_tool: GrabCut実行: 処理解像度 231x172, 矩形 (32,32,167,108), 反復 5
2026-06-13 11:32:25,976 INFO     core.grabcut_tool: GrabCut完了: 縮小率 1.0000, 処理解像度 231x172, 処理時間 0.097秒
2026-06-13 11:32:25,976 INFO     core.grabcut_worker: GrabCutWorker 完了 (request_id=25): 処理時間 0.097秒, 縮小率 1.0000
2026-06-13 11:32:25,981 INFO     ui.main_window: 古いGrabCut結果を破棄 (request_id=-1, current=25)
2026-06-13 11:32:27,448 INFO     ui.main_window: GrabCutリクエスト受信: request_id=26, rect=(341, 616, 127, 105), mode=add
2026-06-13 11:32:27,458 INFO     core.grabcut_worker: GrabCutWorker 開始 (request_id=26)
2026-06-13 11:32:27,459 INFO     core.grabcut_tool: GrabCut開始: 元画像 960x960, 矩形 (341, 616, 127, 105), 反復 5
2026-06-13 11:32:27,459 INFO     core.grabcut_tool: ROI: x=309 y=584 w=191 h=169
2026-06-13 11:32:27,459 INFO     core.grabcut_tool: GrabCut実行: 処理解像度 191x169, 矩形 (32,32,127,105), 反復 5
2026-06-13 11:32:27,600 INFO     core.grabcut_tool: GrabCut完了: 縮小率 1.0000, 処理解像度 191x169, 処理時間 0.142秒
2026-06-13 11:32:27,600 INFO     core.grabcut_worker: GrabCutWorker 完了 (request_id=26): 処理時間 0.142秒, 縮小率 1.0000
2026-06-13 11:32:27,604 INFO     ui.main_window: 古いGrabCut結果を破棄 (request_id=-1, current=26)
2026-06-13 11:32:29,744 INFO     ui.main_window: GrabCutリクエスト受信: request_id=27, rect=(365, 518, 113, 160), mode=add
2026-06-13 11:32:29,752 INFO     core.grabcut_worker: GrabCutWorker 開始 (request_id=27)
2026-06-13 11:32:29,753 INFO     core.grabcut_tool: GrabCut開始: 元画像 960x960, 矩形 (365, 518, 113, 160), 反復 5
2026-06-13 11:32:29,753 INFO     core.grabcut_tool: ROI: x=333 y=486 w=177 h=224
2026-06-13 11:32:29,753 INFO     core.grabcut_tool: GrabCut実行: 処理解像度 177x224, 矩形 (32,32,113,160), 反復 5
2026-06-13 11:32:29,864 INFO     core.grabcut_tool: GrabCut完了: 縮小率 1.0000, 処理解像度 177x224, 処理時間 0.111秒
2026-06-13 11:32:29,864 INFO     core.grabcut_worker: GrabCutWorker 完了 (request_id=27): 処理時間 0.111秒, 縮小率 1.0000
2026-06-13 11:32:29,867 INFO     ui.main_window: 古いGrabCut結果を破棄 (request_id=-1, current=27)
2026-06-13 11:32:31,192 INFO     ui.main_window: GrabCutリクエスト受信: request_id=28, rect=(379, 493, 110, 76), mode=add
2026-06-13 11:32:31,199 INFO     core.grabcut_worker: GrabCutWorker 開始 (request_id=28)
2026-06-13 11:32:31,200 INFO     core.grabcut_tool: GrabCut開始: 元画像 960x960, 矩形 (379, 493, 110, 76), 反復 5
2026-06-13 11:32:31,200 INFO     core.grabcut_tool: ROI: x=347 y=461 w=174 h=140
2026-06-13 11:32:31,200 INFO     core.grabcut_tool: GrabCut実行: 処理解像度 174x140, 矩形 (32,32,110,76), 反復 5
2026-06-13 11:32:31,244 INFO     core.grabcut_tool: GrabCut完了: 縮小率 1.0000, 処理解像度 174x140, 処理時間 0.045秒
2026-06-13 11:32:31,244 INFO     core.grabcut_worker: GrabCutWorker 完了 (request_id=28): 処理時間 0.045秒, 縮小率 1.0000
2026-06-13 11:32:31,284 INFO     ui.main_window: 古いGrabCut結果を破棄 (request_id=-1, current=28)
2026-06-13 11:32:32,346 INFO     ui.main_window: GrabCutリクエスト受信: request_id=29, rect=(361, 463, 165, 107), mode=add
2026-06-13 11:32:32,352 INFO     core.grabcut_worker: GrabCutWorker 開始 (request_id=29)
2026-06-13 11:32:32,353 INFO     core.grabcut_tool: GrabCut開始: 元画像 960x960, 矩形 (361, 463, 165, 107), 反復 5
2026-06-13 11:32:32,353 INFO     core.grabcut_tool: ROI: x=329 y=431 w=229 h=171
2026-06-13 11:32:32,353 INFO     core.grabcut_tool: GrabCut実行: 処理解像度 229x171, 矩形 (32,32,165,107), 反復 5
2026-06-13 11:32:32,439 INFO     core.grabcut_tool: GrabCut完了: 縮小率 1.0000, 処理解像度 229x171, 処理時間 0.086秒
2026-06-13 11:32:32,439 INFO     core.grabcut_worker: GrabCutWorker 完了 (request_id=29): 処理時間 0.086秒, 縮小率 1.0000
2026-06-13 11:32:32,443 INFO     ui.main_window: GrabCut完了: 元画像 960x960 | ROI 229x171 | 処理 229x171 | 縮小率 1.000 | 処理時間 0.09秒
2026-06-13 11:32:34,371 INFO     ui.main_window: GrabCutリクエスト受信: request_id=30, rect=(315, 486, 119, 75), mode=add
2026-06-13 11:32:34,380 INFO     core.grabcut_worker: GrabCutWorker 開始 (request_id=30)
2026-06-13 11:32:34,382 INFO     core.grabcut_tool: GrabCut開始: 元画像 960x960, 矩形 (315, 486, 119, 75), 反復 5
2026-06-13 11:32:34,382 INFO     core.grabcut_tool: ROI: x=283 y=454 w=183 h=139
2026-06-13 11:32:34,382 INFO     core.grabcut_tool: GrabCut実行: 処理解像度 183x139, 矩形 (32,32,119,75), 反復 5
2026-06-13 11:32:34,430 INFO     core.grabcut_tool: GrabCut完了: 縮小率 1.0000, 処理解像度 183x139, 処理時間 0.050秒
2026-06-13 11:32:34,430 INFO     core.grabcut_worker: GrabCutWorker 完了 (request_id=30): 処理時間 0.050秒, 縮小率 1.0000
2026-06-13 11:32:34,529 INFO     ui.main_window: 古いGrabCut結果を破棄 (request_id=-1, current=30)
2026-06-13 11:32:37,149 INFO     ui.main_window: GrabCutリクエスト受信: request_id=31, rect=(312, 513, 161, 78), mode=add
2026-06-13 11:32:37,156 INFO     core.grabcut_worker: GrabCutWorker 開始 (request_id=31)
2026-06-13 11:32:37,157 INFO     core.grabcut_tool: GrabCut開始: 元画像 960x960, 矩形 (312, 513, 161, 78), 反復 5
2026-06-13 11:32:37,157 INFO     core.grabcut_tool: ROI: x=280 y=481 w=225 h=142
2026-06-13 11:32:37,157 INFO     core.grabcut_tool: GrabCut実行: 処理解像度 225x142, 矩形 (32,32,161,78), 反復 5
2026-06-13 11:32:37,218 INFO     core.grabcut_tool: GrabCut完了: 縮小率 1.0000, 処理解像度 225x142, 処理時間 0.062秒
2026-06-13 11:32:37,218 INFO     core.grabcut_worker: GrabCutWorker 完了 (request_id=31): 処理時間 0.062秒, 縮小率 1.0000
2026-06-13 11:32:37,243 INFO     ui.main_window: 古いGrabCut結果を破棄 (request_id=-1, current=31)
2026-06-13 11:32:40,194 INFO     ui.main_window: GrabCutリクエスト受信: request_id=32, rect=(365, 428, 73, 129), mode=add
2026-06-13 11:32:40,201 INFO     core.grabcut_worker: GrabCutWorker 開始 (request_id=32)
2026-06-13 11:32:40,202 INFO     core.grabcut_tool: GrabCut開始: 元画像 960x960, 矩形 (365, 428, 73, 129), 反復 5
2026-06-13 11:32:40,202 INFO     core.grabcut_tool: ROI: x=333 y=396 w=137 h=193
2026-06-13 11:32:40,202 INFO     core.grabcut_tool: GrabCut実行: 処理解像度 137x193, 矩形 (32,32,73,129), 反復 5
2026-06-13 11:32:40,244 WARNING  core.grabcut_worker: GrabCut ValueError (request_id=32): GrabCutに前景候補が見つかりませんでした。別の範囲を指定してください。
2026-06-13 11:32:40,285 WARNING  ui.main_window: GrabCutエラー: GrabCutに前景候補が見つかりませんでした。別の範囲を指定してください。
2026-06-13 11:32:45,094 INFO     ui.main_window: GrabCutリクエスト受信: request_id=33, rect=(327, 350, 161, 356), mode=add
2026-06-13 11:32:45,103 INFO     core.grabcut_worker: GrabCutWorker 開始 (request_id=33)
2026-06-13 11:32:45,104 INFO     core.grabcut_tool: GrabCut開始: 元画像 960x960, 矩形 (327, 350, 161, 356), 反復 5
2026-06-13 11:32:45,104 INFO     core.grabcut_tool: ROI: x=295 y=315 w=225 h=426
2026-06-13 11:32:45,104 INFO     core.grabcut_tool: GrabCut実行: 処理解像度 225x426, 矩形 (32,35,161,356), 反復 5
2026-06-13 11:32:45,409 INFO     core.grabcut_tool: GrabCut完了: 縮小率 1.0000, 処理解像度 225x426, 処理時間 0.306秒
2026-06-13 11:32:45,410 INFO     core.grabcut_worker: GrabCutWorker 完了 (request_id=33): 処理時間 0.306秒, 縮小率 1.0000
2026-06-13 11:32:45,413 INFO     ui.main_window: GrabCut完了: 元画像 960x960 | ROI 225x426 | 処理 225x426 | 縮小率 1.000 | 処理時間 0.31秒
2026-06-13 11:32:55,326 INFO     ui.main_window: GrabCutリクエスト受信: request_id=34, rect=(385, 432, 129, 132), mode=remove
2026-06-13 11:32:55,334 INFO     core.grabcut_worker: GrabCutWorker 開始 (request_id=34)
2026-06-13 11:32:55,335 INFO     core.grabcut_tool: GrabCut開始: 元画像 960x960, 矩形 (385, 432, 129, 132), 反復 5
2026-06-13 11:32:55,335 INFO     core.grabcut_tool: ROI: x=353 y=400 w=193 h=196
2026-06-13 11:32:55,335 INFO     core.grabcut_tool: GrabCut実行: 処理解像度 193x196, 矩形 (32,32,129,132), 反復 5
2026-06-13 11:32:55,419 INFO     core.grabcut_tool: GrabCut完了: 縮小率 1.0000, 処理解像度 193x196, 処理時間 0.084秒
2026-06-13 11:32:55,419 INFO     core.grabcut_worker: GrabCutWorker 完了 (request_id=34): 処理時間 0.084秒, 縮小率 1.0000
2026-06-13 11:32:55,423 INFO     ui.main_window: GrabCut完了: 元画像 960x960 | ROI 193x196 | 処理 193x196 | 縮小率 1.000 | 処理時間 0.08秒
2026-06-13 11:33:03,697 INFO     ui.main_window: GrabCutリクエスト受信: request_id=35, rect=(85, 631, 299, 265), mode=add
2026-06-13 11:33:03,704 INFO     core.grabcut_worker: GrabCutWorker 開始 (request_id=35)
2026-06-13 11:33:03,704 INFO     core.grabcut_tool: GrabCut開始: 元画像 960x960, 矩形 (85, 631, 299, 265), 反復 5
2026-06-13 11:33:03,704 INFO     core.grabcut_tool: ROI: x=53 y=599 w=363 h=329
2026-06-13 11:33:03,705 INFO     core.grabcut_tool: GrabCut実行: 処理解像度 363x329, 矩形 (32,32,299,265), 反復 5
2026-06-13 11:33:04,201 INFO     core.grabcut_tool: GrabCut完了: 縮小率 1.0000, 処理解像度 363x329, 処理時間 0.497秒
2026-06-13 11:33:04,201 INFO     core.grabcut_worker: GrabCutWorker 完了 (request_id=35): 処理時間 0.497秒, 縮小率 1.0000
2026-06-13 11:33:04,205 INFO     ui.main_window: GrabCut完了: 元画像 960x960 | ROI 363x329 | 処理 363x329 | 縮小率 1.000 | 処理時間 0.50秒
2026-06-13 11:33:05,863 INFO     ui.main_window: GrabCutリクエスト受信: request_id=36, rect=(157, 597, 249, 268), mode=add
2026-06-13 11:33:05,869 INFO     core.grabcut_worker: GrabCutWorker 開始 (request_id=36)
2026-06-13 11:33:05,870 INFO     core.grabcut_tool: GrabCut開始: 元画像 960x960, 矩形 (157, 597, 249, 268), 反復 5
2026-06-13 11:33:05,870 INFO     core.grabcut_tool: ROI: x=125 y=565 w=313 h=332
2026-06-13 11:33:05,870 INFO     core.grabcut_tool: GrabCut実行: 処理解像度 313x332, 矩形 (32,32,249,268), 反復 5
2026-06-13 11:33:06,866 INFO     core.grabcut_tool: GrabCut完了: 縮小率 1.0000, 処理解像度 313x332, 処理時間 0.996秒
2026-06-13 11:33:06,866 INFO     core.grabcut_worker: GrabCutWorker 完了 (request_id=36): 処理時間 0.996秒, 縮小率 1.0000
2026-06-13 11:33:06,870 INFO     ui.main_window: 古いGrabCut結果を破棄 (request_id=-1, current=36)
2026-06-13 11:33:08,213 INFO     ui.main_window: GrabCutリクエスト受信: request_id=37, rect=(181, 634, 191, 123), mode=add
2026-06-13 11:33:08,222 INFO     core.grabcut_worker: GrabCutWorker 開始 (request_id=37)
2026-06-13 11:33:08,223 INFO     core.grabcut_tool: GrabCut開始: 元画像 960x960, 矩形 (181, 634, 191, 123), 反復 5
2026-06-13 11:33:08,223 INFO     core.grabcut_tool: ROI: x=149 y=602 w=255 h=187
2026-06-13 11:33:08,223 INFO     core.grabcut_tool: GrabCut実行: 処理解像度 255x187, 矩形 (32,32,191,123), 反復 5
2026-06-13 11:33:08,328 WARNING  core.grabcut_tool: 前景率が極端に小さい: 0.0042%
2026-06-13 11:33:08,328 INFO     core.grabcut_tool: GrabCut完了: 縮小率 1.0000, 処理解像度 255x187, 処理時間 0.106秒
2026-06-13 11:33:08,328 INFO     core.grabcut_worker: GrabCutWorker 完了 (request_id=37): 処理時間 0.106秒, 縮小率 1.0000
2026-06-13 11:33:08,332 INFO     ui.main_window: GrabCut完了: 元画像 960x960 | ROI 255x187 | 処理 255x187 | 縮小率 1.000 | 処理時間 0.11秒
2026-06-13 11:33:11,359 INFO     ui.main_window: GrabCutリクエスト受信: request_id=38, rect=(3, 634, 378, 260), mode=add
2026-06-13 11:33:11,366 INFO     core.grabcut_worker: GrabCutWorker 開始 (request_id=38)
2026-06-13 11:33:11,366 INFO     core.grabcut_tool: GrabCut開始: 元画像 960x960, 矩形 (3, 634, 378, 260), 反復 5
2026-06-13 11:33:11,366 INFO     core.grabcut_tool: ROI: x=0 y=602 w=418 h=324
2026-06-13 11:33:11,367 INFO     core.grabcut_tool: GrabCut実行: 処理解像度 418x324, 矩形 (3,32,378,260), 反復 5
2026-06-13 11:33:12,941 INFO     core.grabcut_tool: GrabCut完了: 縮小率 1.0000, 処理解像度 418x324, 処理時間 1.575秒
2026-06-13 11:33:12,941 INFO     core.grabcut_worker: GrabCutWorker 完了 (request_id=38): 処理時間 1.575秒, 縮小率 1.0000
2026-06-13 11:33:12,945 INFO     ui.main_window: 古いGrabCut結果を破棄 (request_id=-1, current=38)
2026-06-13 11:33:15,266 INFO     ui.main_window: GrabCutリクエスト受信: request_id=39, rect=(30, 568, 381, 241), mode=add
2026-06-13 11:33:15,273 INFO     core.grabcut_worker: GrabCutWorker 開始 (request_id=39)
2026-06-13 11:33:15,274 INFO     core.grabcut_tool: GrabCut開始: 元画像 960x960, 矩形 (30, 568, 381, 241), 反復 5
2026-06-13 11:33:15,274 INFO     core.grabcut_tool: ROI: x=0 y=536 w=449 h=305
2026-06-13 11:33:15,274 INFO     core.grabcut_tool: GrabCut実行: 処理解像度 449x305, 矩形 (30,32,381,241), 反復 5
2026-06-13 11:33:16,191 INFO     core.grabcut_tool: GrabCut完了: 縮小率 1.0000, 処理解像度 449x305, 処理時間 0.918秒
2026-06-13 11:33:16,192 INFO     core.grabcut_worker: GrabCutWorker 完了 (request_id=39): 処理時間 0.918秒, 縮小率 1.0000
2026-06-13 11:33:16,195 INFO     ui.main_window: GrabCut完了: 元画像 960x960 | ROI 449x305 | 処理 449x305 | 縮小率 1.000 | 処理時間 0.92秒
2026-06-13 11:33:23,560 INFO     ui.main_window: GrabCutリクエスト受信: request_id=40, rect=(42, 766, 228, 168), mode=add
2026-06-13 11:33:23,566 INFO     core.grabcut_worker: GrabCutWorker 開始 (request_id=40)
2026-06-13 11:33:23,567 INFO     core.grabcut_tool: GrabCut開始: 元画像 960x960, 矩形 (42, 766, 228, 168), 反復 5
2026-06-13 11:33:23,567 INFO     core.grabcut_tool: ROI: x=10 y=734 w=292 h=226
2026-06-13 11:33:23,567 INFO     core.grabcut_tool: GrabCut実行: 処理解像度 292x226, 矩形 (32,32,228,168), 反復 5
2026-06-13 11:33:23,775 INFO     core.grabcut_tool: GrabCut完了: 縮小率 1.0000, 処理解像度 292x226, 処理時間 0.208秒
2026-06-13 11:33:23,775 INFO     core.grabcut_worker: GrabCutWorker 完了 (request_id=40): 処理時間 0.208秒, 縮小率 1.0000
2026-06-13 11:33:23,778 INFO     ui.main_window: GrabCut完了: 元画像 960x960 | ROI 292x226 | 処理 292x226 | 縮小率 1.000 | 処理時間 0.21秒
2026-06-13 11:33:25,815 INFO     ui.main_window: GrabCutリクエスト受信: request_id=41, rect=(141, 817, 193, 107), mode=add
2026-06-13 11:33:25,826 INFO     core.grabcut_worker: GrabCutWorker 開始 (request_id=41)
2026-06-13 11:33:25,827 INFO     core.grabcut_tool: GrabCut開始: 元画像 960x960, 矩形 (141, 817, 193, 107), 反復 5
2026-06-13 11:33:25,827 INFO     core.grabcut_tool: ROI: x=109 y=785 w=257 h=171
2026-06-13 11:33:25,827 INFO     core.grabcut_tool: GrabCut実行: 処理解像度 257x171, 矩形 (32,32,193,107), 反復 5
2026-06-13 11:33:25,935 WARNING  core.grabcut_worker: GrabCut ValueError (request_id=41): GrabCutに前景候補が見つかりませんでした。別の範囲を指定してください。
2026-06-13 11:33:25,972 WARNING  ui.main_window: GrabCutエラー: GrabCutに前景候補が見つかりませんでした。別の範囲を指定してください。
2026-06-13 11:33:30,685 INFO     ui.main_window: GrabCutリクエスト受信: request_id=42, rect=(114, 622, 123, 337), mode=add
2026-06-13 11:33:30,694 INFO     core.grabcut_worker: GrabCutWorker 開始 (request_id=42)
2026-06-13 11:33:30,694 INFO     core.grabcut_tool: GrabCut開始: 元画像 960x960, 矩形 (114, 622, 123, 337), 反復 5
2026-06-13 11:33:30,695 INFO     core.grabcut_tool: ROI: x=82 y=589 w=187 h=371
2026-06-13 11:33:30,695 INFO     core.grabcut_tool: GrabCut実行: 処理解像度 187x371, 矩形 (32,33,123,337), 反復 5
2026-06-13 11:33:30,846 INFO     core.grabcut_tool: GrabCut完了: 縮小率 1.0000, 処理解像度 187x371, 処理時間 0.152秒
2026-06-13 11:33:30,846 INFO     core.grabcut_worker: GrabCutWorker 完了 (request_id=42): 処理時間 0.152秒, 縮小率 1.0000
2026-06-13 11:33:30,850 INFO     ui.main_window: GrabCut完了: 元画像 960x960 | ROI 187x371 | 処理 187x371 | 縮小率 1.000 | 処理時間 0.15秒
2026-06-13 11:33:33,335 INFO     ui.main_window: GrabCutリクエスト受信: request_id=43, rect=(30, 578, 196, 379), mode=add
2026-06-13 11:33:33,342 INFO     core.grabcut_worker: GrabCutWorker 開始 (request_id=43)
2026-06-13 11:33:33,343 INFO     core.grabcut_tool: GrabCut開始: 元画像 960x960, 矩形 (30, 578, 196, 379), 反復 5
2026-06-13 11:33:33,343 INFO     core.grabcut_tool: ROI: x=0 y=541 w=258 h=419
2026-06-13 11:33:33,343 INFO     core.grabcut_tool: GrabCut実行: 処理解像度 258x419, 矩形 (30,37,196,379), 反復 5
2026-06-13 11:33:33,809 INFO     core.grabcut_tool: GrabCut完了: 縮小率 1.0000, 処理解像度 258x419, 処理時間 0.466秒
2026-06-13 11:33:33,809 INFO     core.grabcut_worker: GrabCutWorker 完了 (request_id=43): 処理時間 0.466秒, 縮小率 1.0000
2026-06-13 11:33:33,813 INFO     ui.main_window: 古いGrabCut結果を破棄 (request_id=-1, current=43)
2026-06-13 11:33:35,164 INFO     ui.main_window: GrabCutリクエスト受信: request_id=44, rect=(150, 813, 208, 102), mode=add
2026-06-13 11:33:35,171 INFO     core.grabcut_worker: GrabCutWorker 開始 (request_id=44)
2026-06-13 11:33:35,172 INFO     core.grabcut_tool: GrabCut開始: 元画像 960x960, 矩形 (150, 813, 208, 102), 反復 5
2026-06-13 11:33:35,172 INFO     core.grabcut_tool: ROI: x=118 y=781 w=272 h=166
2026-06-13 11:33:35,172 INFO     core.grabcut_tool: GrabCut実行: 処理解像度 272x166, 矩形 (32,32,208,102), 反復 5
2026-06-13 11:33:35,268 WARNING  core.grabcut_worker: GrabCut ValueError (request_id=44): GrabCutに前景候補が見つかりませんでした。別の範囲を指定してください。
2026-06-13 11:33:35,273 WARNING  ui.main_window: GrabCutエラー: GrabCutに前景候補が見つかりませんでした。別の範囲を指定してください。
2026-06-13 11:33:40,160 INFO     ui.main_window: GrabCutリクエスト受信: request_id=45, rect=(2, 898, 252, 61), mode=add
2026-06-13 11:33:40,170 INFO     core.grabcut_worker: GrabCutWorker 開始 (request_id=45)
2026-06-13 11:33:40,170 INFO     core.grabcut_tool: GrabCut開始: 元画像 960x960, 矩形 (2, 898, 252, 61), 反復 5
2026-06-13 11:33:40,170 INFO     core.grabcut_tool: ROI: x=0 y=866 w=286 h=94
2026-06-13 11:33:40,170 INFO     core.grabcut_tool: GrabCut実行: 処理解像度 286x94, 矩形 (2,32,252,61), 反復 5
2026-06-13 11:33:40,241 INFO     core.grabcut_tool: GrabCut完了: 縮小率 1.0000, 処理解像度 286x94, 処理時間 0.071秒
2026-06-13 11:33:40,241 INFO     core.grabcut_worker: GrabCutWorker 完了 (request_id=45): 処理時間 0.071秒, 縮小率 1.0000
2026-06-13 11:33:40,246 INFO     ui.main_window: 古いGrabCut結果を破棄 (request_id=-1, current=45)
2026-06-13 11:33:45,120 INFO     ui.main_window: GrabCutリクエスト受信: request_id=46, rect=(536, 201, 423, 515), mode=add
2026-06-13 11:33:45,129 INFO     core.grabcut_worker: GrabCutWorker 開始 (request_id=46)
2026-06-13 11:33:45,130 INFO     core.grabcut_tool: GrabCut開始: 元画像 960x960, 矩形 (536, 201, 423, 515), 反復 5
2026-06-13 11:33:45,130 INFO     core.grabcut_tool: ROI: x=494 y=150 w=466 h=617
2026-06-13 11:33:45,130 INFO     core.grabcut_tool: GrabCut実行: 処理解像度 466x617, 矩形 (42,51,423,515), 反復 5
2026-06-13 11:33:50,976 INFO     core.grabcut_tool: GrabCut完了: 縮小率 1.0000, 処理解像度 466x617, 処理時間 5.846秒
2026-06-13 11:33:50,976 INFO     core.grabcut_worker: GrabCutWorker 完了 (request_id=46): 処理時間 5.846秒, 縮小率 1.0000
2026-06-13 11:33:50,980 INFO     ui.main_window: GrabCut完了: 元画像 960x960 | ROI 466x617 | 処理 466x617 | 縮小率 1.000 | 処理時間 5.85秒
2026-06-13 11:34:03,280 INFO     ui.main_window: GrabCutリクエスト受信: request_id=47, rect=(518, 449, 271, 306), mode=remove
2026-06-13 11:34:03,290 INFO     core.grabcut_worker: GrabCutWorker 開始 (request_id=47)
2026-06-13 11:34:03,291 INFO     core.grabcut_tool: GrabCut開始: 元画像 960x960, 矩形 (518, 449, 271, 306), 反復 5
2026-06-13 11:34:03,291 INFO     core.grabcut_tool: ROI: x=486 y=417 w=335 h=370
2026-06-13 11:34:03,291 INFO     core.grabcut_tool: GrabCut実行: 処理解像度 335x370, 矩形 (32,32,271,306), 反復 5
2026-06-13 11:34:04,212 INFO     core.grabcut_tool: GrabCut完了: 縮小率 1.0000, 処理解像度 335x370, 処理時間 0.922秒
2026-06-13 11:34:04,212 INFO     core.grabcut_worker: GrabCutWorker 完了 (request_id=47): 処理時間 0.922秒, 縮小率 1.0000
2026-06-13 11:34:04,216 INFO     ui.main_window: GrabCut完了: 元画像 960x960 | ROI 335x370 | 処理 335x370 | 縮小率 1.000 | 処理時間 0.92秒
2026-06-13 19:04:11,635 INFO     ui.main_window: GrabCutリクエスト受信: request_id=1, rect=(69, 85, 137, 145), mode=add
2026-06-13 19:04:11,642 INFO     core.grabcut_worker: GrabCutWorker 開始 (request_id=1, task=INITIAL)
2026-06-13 19:04:11,643 INFO     core.grabcut_tool: GrabCutSession生成開始: 元画像 960x960, 矩形 (69, 85, 137, 145), 反復 5
2026-06-13 19:04:11,643 INFO     core.grabcut_tool: ROI: x=37 y=53 w=201 h=209
2026-06-13 19:04:11,643 INFO     core.grabcut_tool: GrabCut実行: 処理解像度 201x209, 矩形 (32,32,137,145), 反復 5
2026-06-13 19:04:11,736 INFO     core.grabcut_tool: GrabCutSession生成完了: 縮小率 1.0000, 処理解像度 201x209, 前景率 1.95%, 処理時間 0.094秒
2026-06-13 19:04:11,737 INFO     core.grabcut_worker: GrabCutWorker 完了 (request_id=1): 処理時間 0.094秒, 縮小率 1.0000
2026-06-13 19:04:11,741 INFO     ui.main_window: 古いGrabCut結果を破棄 (request_id=-1, current=1)
2026-06-13 19:04:22,457 INFO     ui.main_window: GrabCutリクエスト受信: request_id=2, rect=(425, 118, 47, 96), mode=add
2026-06-13 19:04:22,464 INFO     core.grabcut_worker: GrabCutWorker 開始 (request_id=2, task=INITIAL)
2026-06-13 19:04:22,467 INFO     core.grabcut_tool: GrabCutSession生成開始: 元画像 960x960, 矩形 (425, 118, 47, 96), 反復 5
2026-06-13 19:04:22,467 INFO     core.grabcut_tool: ROI: x=393 y=86 w=111 h=160
2026-06-13 19:04:22,467 INFO     core.grabcut_tool: GrabCut実行: 処理解像度 111x160, 矩形 (32,32,47,96), 反復 5
2026-06-13 19:04:22,491 WARNING  core.grabcut_worker: GrabCut ValueError (request_id=2): GrabCutに前景候補が見つかりませんでした。別の範囲を指定してください。
2026-06-13 19:04:22,554 WARNING  ui.main_window: GrabCutエラー (初回): GrabCutに前景候補が見つかりませんでした。別の範囲を指定してください。
2026-06-13 19:04:25,303 INFO     ui.main_window: GrabCutリクエスト受信: request_id=3, rect=(288, 95, 287, 205), mode=add
2026-06-13 19:04:25,311 INFO     core.grabcut_worker: GrabCutWorker 開始 (request_id=3, task=INITIAL)
2026-06-13 19:04:25,312 INFO     core.grabcut_tool: GrabCutSession生成開始: 元画像 960x960, 矩形 (288, 95, 287, 205), 反復 5
2026-06-13 19:04:25,312 INFO     core.grabcut_tool: ROI: x=256 y=63 w=351 h=269
2026-06-13 19:04:25,312 INFO     core.grabcut_tool: GrabCut実行: 処理解像度 351x269, 矩形 (32,32,287,205), 反復 5
2026-06-13 19:04:25,732 INFO     core.grabcut_tool: GrabCutSession生成完了: 縮小率 1.0000, 処理解像度 351x269, 前景率 7.67%, 処理時間 0.421秒
2026-06-13 19:04:25,733 INFO     core.grabcut_worker: GrabCutWorker 完了 (request_id=3): 処理時間 0.421秒, 縮小率 1.0000
2026-06-13 19:04:25,738 INFO     ui.main_window: 古いGrabCut結果を破棄 (request_id=-1, current=3)
2026-06-13 19:04:27,182 INFO     ui.main_window: GrabCutリクエスト受信: request_id=4, rect=(319, 158, 84, 77), mode=add
2026-06-13 19:04:27,192 INFO     core.grabcut_worker: GrabCutWorker 開始 (request_id=4, task=INITIAL)
2026-06-13 19:04:27,192 INFO     core.grabcut_tool: GrabCutSession生成開始: 元画像 960x960, 矩形 (319, 158, 84, 77), 反復 5
2026-06-13 19:04:27,192 INFO     core.grabcut_tool: ROI: x=287 y=126 w=148 h=141
2026-06-13 19:04:27,192 INFO     core.grabcut_tool: GrabCut実行: 処理解像度 148x141, 矩形 (32,32,84,77), 反復 5
2026-06-13 19:04:27,221 WARNING  core.grabcut_worker: GrabCut ValueError (request_id=4): GrabCutに前景候補が見つかりませんでした。別の範囲を指定してください。
2026-06-13 19:04:27,283 WARNING  ui.main_window: GrabCutエラー (初回): GrabCutに前景候補が見つかりませんでした。別の範囲を指定してください。
2026-06-13 19:04:30,279 INFO     ui.main_window: GrabCutリクエスト受信: request_id=5, rect=(319, 169, 246, 231), mode=add
2026-06-13 19:04:30,286 INFO     core.grabcut_worker: GrabCutWorker 開始 (request_id=5, task=INITIAL)
2026-06-13 19:04:30,287 INFO     core.grabcut_tool: GrabCutSession生成開始: 元画像 960x960, 矩形 (319, 169, 246, 231), 反復 5
2026-06-13 19:04:30,287 INFO     core.grabcut_tool: ROI: x=287 y=137 w=310 h=295
2026-06-13 19:04:30,287 INFO     core.grabcut_tool: GrabCut実行: 処理解像度 310x295, 矩形 (32,32,246,231), 反復 5
2026-06-13 19:04:30,697 INFO     core.grabcut_tool: GrabCutSession生成完了: 縮小率 1.0000, 処理解像度 310x295, 前景率 28.47%, 処理時間 0.410秒
2026-06-13 19:04:30,697 INFO     core.grabcut_worker: GrabCutWorker 完了 (request_id=5): 処理時間 0.410秒, 縮小率 1.0000
2026-06-13 19:04:30,701 INFO     ui.main_window: 古いGrabCut結果を破棄 (request_id=-1, current=5)
2026-06-13 19:04:34,266 INFO     ui.main_window: GrabCutリクエスト受信: request_id=6, rect=(22, 59, 419, 295), mode=add
2026-06-13 19:04:34,275 INFO     core.grabcut_worker: GrabCutWorker 開始 (request_id=6, task=INITIAL)
2026-06-13 19:04:34,276 INFO     core.grabcut_tool: GrabCutSession生成開始: 元画像 960x960, 矩形 (22, 59, 419, 295), 反復 5
2026-06-13 19:04:34,276 INFO     core.grabcut_tool: ROI: x=0 y=27 w=482 h=359
2026-06-13 19:04:34,276 INFO     core.grabcut_tool: GrabCut実行: 処理解像度 482x359, 矩形 (22,32,419,295), 反復 5
2026-06-13 19:04:34,880 INFO     core.grabcut_tool: GrabCutSession生成完了: 縮小率 1.0000, 処理解像度 482x359, 前景率 21.46%, 処理時間 0.605秒
2026-06-13 19:04:34,881 INFO     core.grabcut_worker: GrabCutWorker 完了 (request_id=6): 処理時間 0.605秒, 縮小率 1.0000
2026-06-13 19:04:34,885 INFO     ui.main_window: 古いGrabCut結果を破棄 (request_id=-1, current=6)
2026-06-13 19:04:38,909 INFO     ui.main_window: GrabCutリクエスト受信: request_id=7, rect=(537, 339, 126, 151), mode=add
2026-06-13 19:04:38,916 INFO     core.grabcut_worker: GrabCutWorker 開始 (request_id=7, task=INITIAL)
2026-06-13 19:04:38,917 INFO     core.grabcut_tool: GrabCutSession生成開始: 元画像 960x960, 矩形 (537, 339, 126, 151), 反復 5
2026-06-13 19:04:38,917 INFO     core.grabcut_tool: ROI: x=505 y=307 w=190 h=215
2026-06-13 19:04:38,917 INFO     core.grabcut_tool: GrabCut実行: 処理解像度 190x215, 矩形 (32,32,126,151), 反復 5
2026-06-13 19:04:39,051 INFO     core.grabcut_tool: GrabCutSession生成完了: 縮小率 1.0000, 処理解像度 190x215, 前景率 3.05%, 処理時間 0.135秒
2026-06-13 19:04:39,052 INFO     core.grabcut_worker: GrabCutWorker 完了 (request_id=7): 処理時間 0.135秒, 縮小率 1.0000
2026-06-13 19:04:39,061 INFO     ui.main_window: 古いGrabCut結果を破棄 (request_id=-1, current=7)
2026-06-13 19:04:41,518 INFO     ui.main_window: GrabCutリクエスト受信: request_id=8, rect=(474, 404, 84, 62), mode=add
2026-06-13 19:04:41,525 INFO     core.grabcut_worker: GrabCutWorker 開始 (request_id=8, task=INITIAL)
2026-06-13 19:04:41,526 INFO     core.grabcut_tool: GrabCutSession生成開始: 元画像 960x960, 矩形 (474, 404, 84, 62), 反復 5
2026-06-13 19:04:41,526 INFO     core.grabcut_tool: ROI: x=442 y=372 w=148 h=126
2026-06-13 19:04:41,526 INFO     core.grabcut_tool: GrabCut実行: 処理解像度 148x126, 矩形 (32,32,84,62), 反復 5
2026-06-13 19:04:41,558 INFO     core.grabcut_tool: GrabCutSession生成完了: 縮小率 1.0000, 処理解像度 148x126, 前景率 9.43%, 処理時間 0.033秒
2026-06-13 19:04:41,558 INFO     core.grabcut_worker: GrabCutWorker 完了 (request_id=8): 処理時間 0.033秒, 縮小率 1.0000
2026-06-13 19:04:41,666 INFO     ui.main_window: 古いGrabCut結果を破棄 (request_id=-1, current=8)
2026-06-13 19:04:49,267 INFO     ui.main_window: GrabCutリクエスト受信: request_id=9, rect=(97, 57, 335, 266), mode=add
2026-06-13 19:04:49,275 INFO     core.grabcut_worker: GrabCutWorker 開始 (request_id=9, task=INITIAL)
2026-06-13 19:04:49,276 INFO     core.grabcut_tool: GrabCutSession生成開始: 元画像 960x960, 矩形 (97, 57, 335, 266), 反復 5
2026-06-13 19:04:49,276 INFO     core.grabcut_tool: ROI: x=64 y=25 w=401 h=330
2026-06-13 19:04:49,276 INFO     core.grabcut_tool: GrabCut実行: 処理解像度 401x330, 矩形 (33,32,335,266), 反復 5
2026-06-13 19:04:49,637 WARNING  core.grabcut_worker: GrabCut ValueError (request_id=9): GrabCutに前景候補が見つかりませんでした。別の範囲を指定してください。
2026-06-13 19:04:49,643 WARNING  ui.main_window: GrabCutエラー (初回): GrabCutに前景候補が見つかりませんでした。別の範囲を指定してください。
2026-06-13 19:04:52,279 INFO     ui.main_window: GrabCutリクエスト受信: request_id=10, rect=(52, 128, 265, 342), mode=add
2026-06-13 19:04:52,296 INFO     core.grabcut_worker: GrabCutWorker 開始 (request_id=10, task=INITIAL)
2026-06-13 19:04:52,297 INFO     core.grabcut_tool: GrabCutSession生成開始: 元画像 960x960, 矩形 (52, 128, 265, 342), 反復 5
2026-06-13 19:04:52,297 INFO     core.grabcut_tool: ROI: x=20 y=94 w=329 h=410
2026-06-13 19:04:52,297 INFO     core.grabcut_tool: GrabCut実行: 処理解像度 329x410, 矩形 (32,34,265,342), 反復 5
2026-06-13 19:04:52,729 WARNING  core.grabcut_worker: GrabCut ValueError (request_id=10): GrabCutに前景候補が見つかりませんでした。別の範囲を指定してください。
2026-06-13 19:04:52,734 WARNING  ui.main_window: GrabCutエラー (初回): GrabCutに前景候補が見つかりませんでした。別の範囲を指定してください。
2026-06-13 19:04:58,539 INFO     ui.main_window: GrabCutリクエスト受信: request_id=11, rect=(3, 216, 232, 168), mode=add
2026-06-13 19:04:58,556 INFO     core.grabcut_worker: GrabCutWorker 開始 (request_id=11, task=INITIAL)
2026-06-13 19:04:58,557 INFO     core.grabcut_tool: GrabCutSession生成開始: 元画像 960x960, 矩形 (3, 216, 232, 168), 反復 5
2026-06-13 19:04:58,557 INFO     core.grabcut_tool: ROI: x=0 y=184 w=267 h=232
2026-06-13 19:04:58,557 INFO     core.grabcut_tool: GrabCut実行: 処理解像度 267x232, 矩形 (3,32,232,168), 反復 5
2026-06-13 19:04:58,750 INFO     core.grabcut_tool: GrabCutSession生成完了: 縮小率 1.0000, 処理解像度 267x232, 前景率 0.11%, 処理時間 0.194秒
2026-06-13 19:04:58,750 INFO     core.grabcut_worker: GrabCutWorker 完了 (request_id=11): 処理時間 0.194秒, 縮小率 1.0000
2026-06-13 19:04:58,754 INFO     ui.main_window: 古いGrabCut結果を破棄 (request_id=-1, current=11)
2026-06-13 19:05:00,751 INFO     ui.main_window: GrabCutリクエスト受信: request_id=12, rect=(205, 220, 485, 380), mode=add
2026-06-13 19:05:00,759 INFO     core.grabcut_worker: GrabCutWorker 開始 (request_id=12, task=INITIAL)
2026-06-13 19:05:00,760 INFO     core.grabcut_tool: GrabCutSession生成開始: 元画像 960x960, 矩形 (205, 220, 485, 380), 反復 5
2026-06-13 19:05:00,760 INFO     core.grabcut_tool: ROI: x=157 y=182 w=581 h=456
2026-06-13 19:05:00,760 INFO     core.grabcut_tool: GrabCut実行: 処理解像度 581x456, 矩形 (48,38,485,380), 反復 5
2026-06-13 19:05:03,099 INFO     core.grabcut_tool: GrabCutSession生成完了: 縮小率 1.0000, 処理解像度 581x456, 前景率 20.42%, 処理時間 2.340秒
2026-06-13 19:05:03,100 INFO     core.grabcut_worker: GrabCutWorker 完了 (request_id=12): 処理時間 2.340秒, 縮小率 1.0000
2026-06-13 19:05:03,103 INFO     ui.main_window: GrabCut完了: 元画像 960x960 | ROI 581x456 | 処理 581x456 | 縮小率 1.000 | 処理時間 2.34秒
2026-06-13 19:05:14,129 INFO     ui.main_window: GrabCut再推定リクエスト: request_id=13, ストローク数=0, 再推定=1回目
2026-06-13 19:05:14,135 INFO     core.grabcut_worker: GrabCutWorker 開始 (request_id=13, task=REFINE)
2026-06-13 19:05:14,135 INFO     core.grabcut_worker: 再推定開始: ストローク数=0, 再推定回数=1 (request_id=13)
2026-06-13 19:05:14,135 DEBUG    core.grabcut_tool: apply_hint_strokes: ストローク数=0, 前景ヒント~0px, 背景ヒント~0px
2026-06-13 19:05:14,139 INFO     core.grabcut_tool: 再推定開始: 前景ヒント 0px, 背景ヒント 130579px, ストローク数 0, 再推定 1回目
2026-06-13 19:05:14,139 WARNING  core.grabcut_tool: 前景ヒントがありません
2026-06-13 19:05:15,112 INFO     core.grabcut_tool: 再推定完了: 前景率 5.87% → 20.07%, 処理時間 0.976秒
2026-06-13 19:05:15,112 INFO     core.grabcut_worker: GrabCut再推定完了 (request_id=13): 再推定回数=1, 処理時間=0.976秒
2026-06-13 19:05:15,116 INFO     ui.main_window: 再推定完了 (第1回): 処理時間 0.98秒 | ヒント追加 or Enter=適用 / Esc=キャンセル
2026-06-13 19:05:19,538 INFO     ui.main_window: GrabCut再推定リクエスト: request_id=14, ストローク数=0, 再推定=2回目
2026-06-13 19:05:19,548 INFO     core.grabcut_worker: GrabCutWorker 開始 (request_id=14, task=REFINE)
2026-06-13 19:05:19,548 INFO     core.grabcut_worker: 再推定開始: ストローク数=0, 再推定回数=2 (request_id=14)
2026-06-13 19:05:19,548 DEBUG    core.grabcut_tool: apply_hint_strokes: ストローク数=0, 前景ヒント~0px, 背景ヒント~0px
2026-06-13 19:05:19,550 INFO     core.grabcut_tool: 再推定開始: 前景ヒント 0px, 背景ヒント 130579px, ストローク数 0, 再推定 2回目
2026-06-13 19:05:19,550 WARNING  core.grabcut_tool: 前景ヒントがありません
2026-06-13 19:05:20,521 INFO     core.grabcut_tool: 再推定完了: 前景率 5.77% → 20.07%, 処理時間 0.972秒
2026-06-13 19:05:20,521 INFO     core.grabcut_worker: GrabCut再推定完了 (request_id=14): 再推定回数=2, 処理時間=0.972秒
2026-06-13 19:05:20,525 INFO     ui.main_window: 再推定完了 (第2回): 処理時間 0.97秒 | ヒント追加 or Enter=適用 / Esc=キャンセル
2026-06-13 19:05:23,733 INFO     ui.main_window: GrabCut再推定リクエスト: request_id=15, ストローク数=0, 再推定=3回目
2026-06-13 19:05:23,742 INFO     core.grabcut_worker: GrabCutWorker 開始 (request_id=15, task=REFINE)
2026-06-13 19:05:23,742 INFO     core.grabcut_worker: 再推定開始: ストローク数=0, 再推定回数=3 (request_id=15)
2026-06-13 19:05:23,742 DEBUG    core.grabcut_tool: apply_hint_strokes: ストローク数=0, 前景ヒント~0px, 背景ヒント~0px
2026-06-13 19:05:23,746 INFO     core.grabcut_tool: 再推定開始: 前景ヒント 0px, 背景ヒント 130579px, ストローク数 0, 再推定 3回目
2026-06-13 19:05:23,746 WARNING  core.grabcut_tool: 前景ヒントがありません
2026-06-13 19:05:24,713 INFO     core.grabcut_tool: 再推定完了: 前景率 5.77% → 20.07%, 処理時間 0.971秒
2026-06-13 19:05:24,713 INFO     core.grabcut_worker: GrabCut再推定完了 (request_id=15): 再推定回数=3, 処理時間=0.971秒
2026-06-13 19:05:24,717 INFO     ui.main_window: 再推定完了 (第3回): 処理時間 0.97秒 | ヒント追加 or Enter=適用 / Esc=キャンセル
2026-06-13 19:05:44,736 INFO     ui.main_window: GrabCut再推定リクエスト: request_id=16, ストローク数=2, 再推定=4回目
2026-06-13 19:05:44,742 INFO     core.grabcut_worker: GrabCutWorker 開始 (request_id=16, task=REFINE)
2026-06-13 19:05:44,742 INFO     core.grabcut_worker: 再推定開始: ストローク数=2, 再推定回数=4 (request_id=16)
2026-06-13 19:05:44,742 DEBUG    core.grabcut_tool: apply_hint_strokes: ストローク数=2, 前景ヒント~2px, 背景ヒント~0px
2026-06-13 19:05:44,746 INFO     core.grabcut_tool: 再推定開始: 前景ヒント 10px, 背景ヒント 130569px, ストローク数 2, 再推定 4回目
2026-06-13 19:05:45,743 INFO     core.grabcut_tool: 再推定完了: 前景率 5.77% → 20.05%, 処理時間 1.000秒
2026-06-13 19:05:45,743 INFO     core.grabcut_worker: GrabCut再推定完了 (request_id=16): 再推定回数=4, 処理時間=1.000秒
2026-06-13 19:05:45,748 INFO     ui.main_window: 古いGrabCut結果を破棄 (request_id=-1, current=16)
2026-06-13 19:06:02,431 INFO     ui.main_window: GrabCutリクエスト受信: request_id=17, rect=(552, 387, 116, 155), mode=add
2026-06-13 19:06:02,440 INFO     core.grabcut_worker: GrabCutWorker 開始 (request_id=17, task=INITIAL)
2026-06-13 19:06:02,440 INFO     core.grabcut_tool: GrabCutSession生成開始: 元画像 960x960, 矩形 (552, 387, 116, 155), 反復 5
2026-06-13 19:06:02,440 INFO     core.grabcut_tool: ROI: x=520 y=355 w=180 h=219
2026-06-13 19:06:02,440 INFO     core.grabcut_tool: GrabCut実行: 処理解像度 180x219, 矩形 (32,32,116,155), 反復 5
2026-06-13 19:06:02,525 INFO     core.grabcut_tool: GrabCutSession生成完了: 縮小率 1.0000, 処理解像度 180x219, 前景率 0.13%, 処理時間 0.085秒
2026-06-13 19:06:02,525 INFO     core.grabcut_worker: GrabCutWorker 完了 (request_id=17): 処理時間 0.085秒, 縮小率 1.0000
2026-06-13 19:06:02,529 INFO     ui.main_window: 古いGrabCut結果を破棄 (request_id=-1, current=17)
2026-06-13 19:06:05,652 INFO     ui.main_window: GrabCutリクエスト受信: request_id=18, rect=(437, 375, 248, 263), mode=add
2026-06-13 19:06:05,669 INFO     core.grabcut_worker: GrabCutWorker 開始 (request_id=18, task=INITIAL)
2026-06-13 19:06:05,669 INFO     core.grabcut_tool: GrabCutSession生成開始: 元画像 960x960, 矩形 (437, 375, 248, 263), 反復 5
2026-06-13 19:06:05,669 INFO     core.grabcut_tool: ROI: x=405 y=343 w=312 h=327
2026-06-13 19:06:05,669 INFO     core.grabcut_tool: GrabCut実行: 処理解像度 312x327, 矩形 (32,32,248,263), 反復 5
2026-06-13 19:06:05,966 INFO     core.grabcut_tool: GrabCutSession生成完了: 縮小率 1.0000, 処理解像度 312x327, 前景率 17.41%, 処理時間 0.297秒
2026-06-13 19:06:05,966 INFO     core.grabcut_worker: GrabCutWorker 完了 (request_id=18): 処理時間 0.297秒, 縮小率 1.0000
2026-06-13 19:06:05,971 INFO     ui.main_window: 古いGrabCut結果を破棄 (request_id=-1, current=18)
2026-06-13 19:06:09,834 INFO     ui.main_window: GrabCutリクエスト受信: request_id=19, rect=(308, 312, 366, 310), mode=add
2026-06-13 19:06:09,848 INFO     core.grabcut_worker: GrabCutWorker 開始 (request_id=19, task=INITIAL)
2026-06-13 19:06:09,849 INFO     core.grabcut_tool: GrabCutSession生成開始: 元画像 960x960, 矩形 (308, 312, 366, 310), 反復 5
2026-06-13 19:06:09,849 INFO     core.grabcut_tool: ROI: x=272 y=280 w=438 h=374
2026-06-13 19:06:09,850 INFO     core.grabcut_tool: GrabCut実行: 処理解像度 438x374, 矩形 (36,32,366,310), 反復 5
2026-06-13 19:06:11,987 INFO     core.grabcut_tool: GrabCutSession生成完了: 縮小率 1.0000, 処理解像度 438x374, 前景率 17.81%, 処理時間 2.138秒
2026-06-13 19:06:11,987 INFO     core.grabcut_worker: GrabCutWorker 完了 (request_id=19): 処理時間 2.138秒, 縮小率 1.0000
2026-06-13 19:06:11,992 INFO     ui.main_window: GrabCut完了: 元画像 960x960 | ROI 438x374 | 処理 438x374 | 縮小率 1.000 | 処理時間 2.14秒
2026-06-13 19:06:19,760 INFO     ui.main_window: GrabCut再推定リクエスト: request_id=20, ストローク数=4, 再推定=1回目
2026-06-13 19:06:19,775 INFO     core.grabcut_worker: GrabCutWorker 開始 (request_id=20, task=REFINE)
2026-06-13 19:06:19,775 INFO     core.grabcut_worker: 再推定開始: ストローク数=4, 再推定回数=1 (request_id=20)
2026-06-13 19:06:19,775 DEBUG    core.grabcut_tool: apply_hint_strokes: ストローク数=4, 前景ヒント~6px, 背景ヒント~0px
2026-06-13 19:06:19,777 INFO     core.grabcut_tool: 再推定開始: 前景ヒント 26px, 背景ヒント 111455px, ストローク数 4, 再推定 1回目
2026-06-13 19:06:20,012 INFO     core.grabcut_tool: 再推定完了: 前景率 3.17% → 16.03%, 処理時間 0.237秒
2026-06-13 19:06:20,013 INFO     core.grabcut_worker: GrabCut再推定完了 (request_id=20): 再推定回数=1, 処理時間=0.237秒
2026-06-13 19:06:20,017 INFO     ui.main_window: 古いGrabCut結果を破棄 (request_id=-1, current=20)
2026-06-13 19:06:24,782 INFO     ui.main_window: GrabCutリクエスト受信: request_id=21, rect=(590, 388, 99, 149), mode=add
2026-06-13 19:06:24,799 INFO     core.grabcut_worker: GrabCutWorker 開始 (request_id=21, task=INITIAL)
2026-06-13 19:06:24,800 INFO     core.grabcut_tool: GrabCutSession生成開始: 元画像 960x960, 矩形 (590, 388, 99, 149), 反復 5
2026-06-13 19:06:24,800 INFO     core.grabcut_tool: ROI: x=558 y=356 w=163 h=213
2026-06-13 19:06:24,800 INFO     core.grabcut_tool: GrabCut実行: 処理解像度 163x213, 矩形 (32,32,99,149), 反復 5
2026-06-13 19:06:24,875 INFO     core.grabcut_tool: GrabCutSession生成完了: 縮小率 1.0000, 処理解像度 163x213, 前景率 4.57%, 処理時間 0.076秒
2026-06-13 19:06:24,875 INFO     core.grabcut_worker: GrabCutWorker 完了 (request_id=21): 処理時間 0.076秒, 縮小率 1.0000
2026-06-13 19:06:24,879 INFO     ui.main_window: 古いGrabCut結果を破棄 (request_id=-1, current=21)
2026-06-13 19:06:26,264 INFO     ui.main_window: GrabCutリクエスト受信: request_id=22, rect=(423, 369, 274, 267), mode=add
2026-06-13 19:06:26,272 INFO     core.grabcut_worker: GrabCutWorker 開始 (request_id=22, task=INITIAL)
2026-06-13 19:06:26,273 INFO     core.grabcut_tool: GrabCutSession生成開始: 元画像 960x960, 矩形 (423, 369, 274, 267), 反復 5
2026-06-13 19:06:26,273 INFO     core.grabcut_tool: ROI: x=391 y=337 w=338 h=331
2026-06-13 19:06:26,273 INFO     core.grabcut_tool: GrabCut実行: 処理解像度 338x331, 矩形 (32,32,274,267), 反復 5
2026-06-13 19:06:27,144 INFO     core.grabcut_tool: GrabCutSession生成完了: 縮小率 1.0000, 処理解像度 338x331, 前景率 30.27%, 処理時間 0.872秒
2026-06-13 19:06:27,144 INFO     core.grabcut_worker: GrabCutWorker 完了 (request_id=22): 処理時間 0.872秒, 縮小率 1.0000
2026-06-13 19:06:27,148 INFO     ui.main_window: 古いGrabCut結果を破棄 (request_id=-1, current=22)
2026-06-13 19:06:52,583 INFO     ui.main_window: GrabCutリクエスト受信: request_id=23, rect=(659, 367, 231, 119), mode=add
2026-06-13 19:06:52,591 INFO     core.grabcut_worker: GrabCutWorker 開始 (request_id=23, task=INITIAL)
2026-06-13 19:06:52,592 INFO     core.grabcut_tool: GrabCutSession生成開始: 元画像 960x960, 矩形 (659, 367, 231, 119), 反復 5
2026-06-13 19:06:52,592 INFO     core.grabcut_tool: ROI: x=627 y=335 w=295 h=183
2026-06-13 19:06:52,592 INFO     core.grabcut_tool: GrabCut実行: 処理解像度 295x183, 矩形 (32,32,231,119), 反復 5
2026-06-13 19:06:52,754 INFO     core.grabcut_tool: GrabCutSession生成完了: 縮小率 1.0000, 処理解像度 295x183, 前景率 9.63%, 処理時間 0.163秒
2026-06-13 19:06:52,754 INFO     core.grabcut_worker: GrabCutWorker 完了 (request_id=23): 処理時間 0.163秒, 縮小率 1.0000
2026-06-13 19:06:52,759 INFO     ui.main_window: 古いGrabCut結果を破棄 (request_id=-1, current=23)
2026-06-13 19:06:57,105 INFO     ui.main_window: GrabCutリクエスト受信: request_id=24, rect=(743, 402, 136, 95), mode=add
2026-06-13 19:06:57,112 INFO     core.grabcut_worker: GrabCutWorker 開始 (request_id=24, task=INITIAL)
2026-06-13 19:06:57,112 INFO     core.grabcut_tool: GrabCutSession生成開始: 元画像 960x960, 矩形 (743, 402, 136, 95), 反復 5
2026-06-13 19:06:57,112 INFO     core.grabcut_tool: ROI: x=711 y=370 w=200 h=159
2026-06-13 19:06:57,113 INFO     core.grabcut_tool: GrabCut実行: 処理解像度 200x159, 矩形 (32,32,136,95), 反復 5
2026-06-13 19:06:57,170 INFO     core.grabcut_tool: GrabCutSession生成完了: 縮小率 1.0000, 処理解像度 200x159, 前景率 7.52%, 処理時間 0.058秒
2026-06-13 19:06:57,171 INFO     core.grabcut_worker: GrabCutWorker 完了 (request_id=24): 処理時間 0.058秒, 縮小率 1.0000
2026-06-13 19:06:57,176 INFO     ui.main_window: 古いGrabCut結果を破棄 (request_id=-1, current=24)
2026-06-13 19:07:00,422 INFO     ui.main_window: GrabCutリクエスト受信: request_id=25, rect=(102, 127, 200, 241), mode=add
2026-06-13 19:07:00,429 INFO     core.grabcut_worker: GrabCutWorker 開始 (request_id=25, task=INITIAL)
2026-06-13 19:07:00,430 INFO     core.grabcut_tool: GrabCutSession生成開始: 元画像 960x960, 矩形 (102, 127, 200, 241), 反復 5
2026-06-13 19:07:00,430 INFO     core.grabcut_tool: ROI: x=70 y=95 w=264 h=305
2026-06-13 19:07:00,430 INFO     core.grabcut_tool: GrabCut実行: 処理解像度 264x305, 矩形 (32,32,200,241), 反復 5
2026-06-13 19:07:00,786 INFO     core.grabcut_tool: GrabCutSession生成完了: 縮小率 1.0000, 処理解像度 264x305, 前景率 11.32%, 処理時間 0.357秒
2026-06-13 19:07:00,787 INFO     core.grabcut_worker: GrabCutWorker 完了 (request_id=25): 処理時間 0.357秒, 縮小率 1.0000
2026-06-13 19:07:00,790 INFO     ui.main_window: GrabCut完了: 元画像 960x960 | ROI 264x305 | 処理 264x305 | 縮小率 1.000 | 処理時間 0.36秒
2026-06-13 19:07:05,228 INFO     ui.main_window: GrabCutリクエスト受信: request_id=26, rect=(51, 310, 231, 205), mode=add
2026-06-13 19:07:05,235 INFO     core.grabcut_worker: GrabCutWorker 開始 (request_id=26, task=INITIAL)
2026-06-13 19:07:05,235 INFO     core.grabcut_tool: GrabCutSession生成開始: 元画像 960x960, 矩形 (51, 310, 231, 205), 反復 5
2026-06-13 19:07:05,236 INFO     core.grabcut_tool: ROI: x=19 y=278 w=295 h=269
2026-06-13 19:07:05,236 INFO     core.grabcut_tool: GrabCut実行: 処理解像度 295x269, 矩形 (32,32,231,205), 反復 5
2026-06-13 19:07:05,754 INFO     core.grabcut_tool: GrabCutSession生成完了: 縮小率 1.0000, 処理解像度 295x269, 前景率 18.79%, 処理時間 0.519秒
2026-06-13 19:07:05,755 INFO     core.grabcut_worker: GrabCutWorker 完了 (request_id=26): 処理時間 0.519秒, 縮小率 1.0000
2026-06-13 19:07:05,759 INFO     ui.main_window: GrabCut完了: 元画像 960x960 | ROI 295x269 | 処理 295x269 | 縮小率 1.000 | 処理時間 0.52秒
2026-06-13 19:07:16,534 INFO     ui.main_window: GrabCutリクエスト受信: request_id=27, rect=(131, 5, 432, 349), mode=add
2026-06-13 19:07:16,548 INFO     core.grabcut_worker: GrabCutWorker 開始 (request_id=27, task=INITIAL)
2026-06-13 19:07:16,549 INFO     core.grabcut_tool: GrabCutSession生成開始: 元画像 960x960, 矩形 (131, 5, 432, 349), 反復 5
2026-06-13 19:07:16,549 INFO     core.grabcut_tool: ROI: x=88 y=0 w=518 h=388
2026-06-13 19:07:16,549 INFO     core.grabcut_tool: GrabCut実行: 処理解像度 518x388, 矩形 (43,5,432,349), 反復 5
2026-06-13 19:07:18,668 INFO     core.grabcut_tool: GrabCutSession生成完了: 縮小率 1.0000, 処理解像度 518x388, 前景率 45.68%, 処理時間 2.120秒
2026-06-13 19:07:18,668 INFO     core.grabcut_worker: GrabCutWorker 完了 (request_id=27): 処理時間 2.120秒, 縮小率 1.0000
2026-06-13 19:07:18,672 INFO     ui.main_window: 古いGrabCut結果を破棄 (request_id=-1, current=27)
2026-06-13 19:07:25,554 INFO     ui.main_window: GrabCutリクエスト受信: request_id=28, rect=(23, 64, 371, 407), mode=add
2026-06-13 19:07:25,560 INFO     core.grabcut_worker: GrabCutWorker 開始 (request_id=28, task=INITIAL)
2026-06-13 19:07:25,561 INFO     core.grabcut_tool: GrabCutSession生成開始: 元画像 960x960, 矩形 (23, 64, 371, 407), 反復 5
2026-06-13 19:07:25,561 INFO     core.grabcut_tool: ROI: x=0 y=24 w=431 h=487
2026-06-13 19:07:25,561 INFO     core.grabcut_tool: GrabCut実行: 処理解像度 431x487, 矩形 (23,40,371,407), 反復 5
2026-06-13 19:07:27,610 INFO     core.grabcut_tool: GrabCutSession生成完了: 縮小率 1.0000, 処理解像度 431x487, 前景率 38.51%, 処理時間 2.050秒
2026-06-13 19:07:27,611 INFO     core.grabcut_worker: GrabCutWorker 完了 (request_id=28): 処理時間 2.050秒, 縮小率 1.0000
2026-06-13 19:07:27,615 INFO     ui.main_window: GrabCut完了: 元画像 960x960 | ROI 431x487 | 処理 431x487 | 縮小率 1.000 | 処理時間 2.05秒
2026-06-13 19:07:36,345 INFO     ui.main_window: GrabCut再推定リクエスト: request_id=29, ストローク数=3, 再推定=1回目
2026-06-13 19:07:36,352 INFO     core.grabcut_worker: GrabCutWorker 開始 (request_id=29, task=REFINE)
2026-06-13 19:07:36,352 INFO     core.grabcut_worker: 再推定開始: ストローク数=3, 再推定回数=1 (request_id=29)
2026-06-13 19:07:36,352 DEBUG    core.grabcut_tool: apply_hint_strokes: ストローク数=3, 前景ヒント~0px, 背景ヒント~11px
2026-06-13 19:07:36,356 INFO     core.grabcut_tool: 再推定開始: 前景ヒント 0px, 背景ヒント 58998px, ストローク数 3, 再推定 1回目
2026-06-13 19:07:36,356 WARNING  core.grabcut_tool: 前景ヒントがありません
2026-06-13 19:07:37,620 INFO     core.grabcut_tool: 再推定完了: 前景率 8.77% → 38.08%, 処理時間 1.267秒
2026-06-13 19:07:37,620 INFO     core.grabcut_worker: GrabCut再推定完了 (request_id=29): 再推定回数=1, 処理時間=1.267秒
2026-06-13 19:07:37,624 INFO     ui.main_window: 古いGrabCut結果を破棄 (request_id=-1, current=29)
2026-06-13 19:07:43,550 INFO     ui.main_window: GrabCutリクエスト受信: request_id=30, rect=(48, 112, 206, 376), mode=add
2026-06-13 19:07:43,556 INFO     core.grabcut_worker: GrabCutWorker 開始 (request_id=30, task=INITIAL)
2026-06-13 19:07:43,556 INFO     core.grabcut_tool: GrabCutSession生成開始: 元画像 960x960, 矩形 (48, 112, 206, 376), 反復 5
2026-06-13 19:07:43,556 INFO     core.grabcut_tool: ROI: x=16 y=75 w=270 h=450
2026-06-13 19:07:43,557 INFO     core.grabcut_tool: GrabCut実行: 処理解像度 270x450, 矩形 (32,37,206,376), 反復 5
2026-06-13 19:07:44,339 INFO     core.grabcut_tool: GrabCutSession生成完了: 縮小率 1.0000, 処理解像度 270x450, 前景率 25.19%, 処理時間 0.783秒
2026-06-13 19:07:44,339 INFO     core.grabcut_worker: GrabCutWorker 完了 (request_id=30): 処理時間 0.783秒, 縮小率 1.0000
2026-06-13 19:07:44,343 INFO     ui.main_window: 古いGrabCut結果を破棄 (request_id=-1, current=30)
2026-06-13 19:07:47,789 INFO     ui.main_window: GrabCutリクエスト受信: request_id=31, rect=(27, 101, 232, 468), mode=add
2026-06-13 19:07:47,798 INFO     core.grabcut_worker: GrabCutWorker 開始 (request_id=31, task=INITIAL)
2026-06-13 19:07:47,799 INFO     core.grabcut_tool: GrabCutSession生成開始: 元画像 960x960, 矩形 (27, 101, 232, 468), 反復 5
2026-06-13 19:07:47,799 INFO     core.grabcut_tool: ROI: x=0 y=55 w=291 h=560
2026-06-13 19:07:47,799 INFO     core.grabcut_tool: GrabCut実行: 処理解像度 291x560, 矩形 (27,46,232,468), 反復 5
2026-06-13 19:07:48,404 INFO     core.grabcut_tool: GrabCutSession生成完了: 縮小率 1.0000, 処理解像度 291x560, 前景率 34.51%, 処理時間 0.605秒
2026-06-13 19:07:48,404 INFO     core.grabcut_worker: GrabCutWorker 完了 (request_id=31): 処理時間 0.605秒, 縮小率 1.0000
2026-06-13 19:07:48,408 INFO     ui.main_window: 古いGrabCut結果を破棄 (request_id=-1, current=31)
2026-06-13 19:07:51,381 INFO     ui.main_window: GrabCutリクエスト受信: request_id=32, rect=(24, 311, 232, 182), mode=add
2026-06-13 19:07:51,398 INFO     core.grabcut_worker: GrabCutWorker 開始 (request_id=32, task=INITIAL)
2026-06-13 19:07:51,399 INFO     core.grabcut_tool: GrabCutSession生成開始: 元画像 960x960, 矩形 (24, 311, 232, 182), 反復 5
2026-06-13 19:07:51,399 INFO     core.grabcut_tool: ROI: x=0 y=279 w=288 h=246
2026-06-13 19:07:51,399 INFO     core.grabcut_tool: GrabCut実行: 処理解像度 288x246, 矩形 (24,32,232,182), 反復 5
2026-06-13 19:07:51,665 INFO     core.grabcut_tool: GrabCutSession生成完了: 縮小率 1.0000, 処理解像度 288x246, 前景率 10.00%, 処理時間 0.267秒
2026-06-13 19:07:51,665 INFO     core.grabcut_worker: GrabCutWorker 完了 (request_id=32): 処理時間 0.267秒, 縮小率 1.0000
2026-06-13 19:07:51,670 INFO     ui.main_window: GrabCut完了: 元画像 960x960 | ROI 288x246 | 処理 288x246 | 縮小率 1.000 | 処理時間 0.27秒
2026-06-13 19:07:53,709 INFO     ui.main_window: GrabCutリクエスト受信: request_id=33, rect=(35, 311, 226, 112), mode=add
2026-06-13 19:07:53,715 INFO     core.grabcut_worker: GrabCutWorker 開始 (request_id=33, task=INITIAL)
2026-06-13 19:07:53,716 INFO     core.grabcut_tool: GrabCutSession生成開始: 元画像 960x960, 矩形 (35, 311, 226, 112), 反復 5
2026-06-13 19:07:53,716 INFO     core.grabcut_tool: ROI: x=3 y=279 w=290 h=176
2026-06-13 19:07:53,716 INFO     core.grabcut_tool: GrabCut実行: 処理解像度 290x176, 矩形 (32,32,226,112), 反復 5
2026-06-13 19:07:53,816 WARNING  core.grabcut_worker: GrabCut ValueError (request_id=33): GrabCutに前景候補が見つかりませんでした。別の範囲を指定してください。
2026-06-13 19:07:53,821 WARNING  ui.main_window: GrabCutエラー (初回): GrabCutに前景候補が見つかりませんでした。別の範囲を指定してください。
2026-06-13 19:07:59,022 INFO     ui.main_window: GrabCutリクエスト受信: request_id=34, rect=(16, 108, 287, 421), mode=add
2026-06-13 19:07:59,034 INFO     core.grabcut_worker: GrabCutWorker 開始 (request_id=34, task=INITIAL)
2026-06-13 19:07:59,035 INFO     core.grabcut_tool: GrabCutSession生成開始: 元画像 960x960, 矩形 (16, 108, 287, 421), 反復 5
2026-06-13 19:07:59,035 INFO     core.grabcut_tool: ROI: x=0 y=66 w=335 h=505
2026-06-13 19:07:59,035 INFO     core.grabcut_tool: GrabCut実行: 処理解像度 335x505, 矩形 (16,42,287,421), 反復 5
2026-06-13 19:08:00,129 INFO     core.grabcut_tool: GrabCutSession生成完了: 縮小率 1.0000, 処理解像度 335x505, 前景率 43.91%, 処理時間 1.095秒
2026-06-13 19:08:00,129 INFO     core.grabcut_worker: GrabCutWorker 完了 (request_id=34): 処理時間 1.095秒, 縮小率 1.0000
2026-06-13 19:08:00,133 INFO     ui.main_window: GrabCut完了: 元画像 960x960 | ROI 335x505 | 処理 335x505 | 縮小率 1.000 | 処理時間 1.09秒
2026-06-13 19:08:07,781 INFO     ui.main_window: GrabCutリクエスト受信: request_id=35, rect=(88, 244, 236, 226), mode=remove
2026-06-13 19:08:07,788 INFO     core.grabcut_worker: GrabCutWorker 開始 (request_id=35, task=INITIAL)
2026-06-13 19:08:07,788 INFO     core.grabcut_tool: GrabCutSession生成開始: 元画像 960x960, 矩形 (88, 244, 236, 226), 反復 5
2026-06-13 19:08:07,788 INFO     core.grabcut_tool: ROI: x=56 y=212 w=300 h=290
2026-06-13 19:08:07,789 INFO     core.grabcut_tool: GrabCut実行: 処理解像度 300x290, 矩形 (32,32,236,226), 反復 5
2026-06-13 19:08:08,702 INFO     core.grabcut_tool: GrabCutSession生成完了: 縮小率 1.0000, 処理解像度 300x290, 前景率 31.57%, 処理時間 0.914秒
2026-06-13 19:08:08,703 INFO     core.grabcut_worker: GrabCutWorker 完了 (request_id=35): 処理時間 0.914秒, 縮小率 1.0000
2026-06-13 19:08:08,707 INFO     ui.main_window: GrabCut完了: 元画像 960x960 | ROI 300x290 | 処理 300x290 | 縮小率 1.000 | 処理時間 0.91秒
2026-06-13 19:08:11,760 INFO     ui.main_window: GrabCutリクエスト受信: request_id=36, rect=(151, 291, 154, 145), mode=remove
2026-06-13 19:08:11,770 INFO     core.grabcut_worker: GrabCutWorker 開始 (request_id=36, task=INITIAL)
2026-06-13 19:08:11,771 INFO     core.grabcut_tool: GrabCutSession生成開始: 元画像 960x960, 矩形 (151, 291, 154, 145), 反復 5
2026-06-13 19:08:11,771 INFO     core.grabcut_tool: ROI: x=119 y=259 w=218 h=209
2026-06-13 19:08:11,771 INFO     core.grabcut_tool: GrabCut実行: 処理解像度 218x209, 矩形 (32,32,154,145), 反復 5
2026-06-13 19:08:11,896 WARNING  core.grabcut_worker: GrabCut ValueError (request_id=36): GrabCutに前景候補が見つかりませんでした。別の範囲を指定してください。
2026-06-13 19:08:11,900 WARNING  ui.main_window: GrabCutエラー (初回): GrabCutに前景候補が見つかりませんでした。別の範囲を指定してください。
2026-06-13 19:08:15,169 INFO     ui.main_window: GrabCutリクエスト受信: request_id=37, rect=(124, 267, 200, 192), mode=remove
2026-06-13 19:08:15,183 INFO     core.grabcut_worker: GrabCutWorker 開始 (request_id=37, task=INITIAL)
2026-06-13 19:08:15,184 INFO     core.grabcut_tool: GrabCutSession生成開始: 元画像 960x960, 矩形 (124, 267, 200, 192), 反復 5
2026-06-13 19:08:15,184 INFO     core.grabcut_tool: ROI: x=92 y=235 w=264 h=256
2026-06-13 19:08:15,184 INFO     core.grabcut_tool: GrabCut実行: 処理解像度 264x256, 矩形 (32,32,200,192), 反復 5
2026-06-13 19:08:16,239 INFO     core.grabcut_tool: GrabCutSession生成完了: 縮小率 1.0000, 処理解像度 264x256, 前景率 19.53%, 処理時間 1.056秒
2026-06-13 19:08:16,239 INFO     core.grabcut_worker: GrabCutWorker 完了 (request_id=37): 処理時間 1.056秒, 縮小率 1.0000
2026-06-13 19:08:16,243 INFO     ui.main_window: GrabCut完了: 元画像 960x960 | ROI 264x256 | 処理 264x256 | 縮小率 1.000 | 処理時間 1.06秒
2026-06-13 19:08:24,079 INFO     ui.main_window: GrabCutリクエスト受信: request_id=38, rect=(155, 277, 188, 132), mode=remove
2026-06-13 19:08:24,092 INFO     core.grabcut_worker: GrabCutWorker 開始 (request_id=38, task=INITIAL)
2026-06-13 19:08:24,093 INFO     core.grabcut_tool: GrabCutSession生成開始: 元画像 960x960, 矩形 (155, 277, 188, 132), 反復 5
2026-06-13 19:08:24,093 INFO     core.grabcut_tool: ROI: x=123 y=245 w=252 h=196
2026-06-13 19:08:24,094 INFO     core.grabcut_tool: GrabCut実行: 処理解像度 252x196, 矩形 (32,32,188,132), 反復 5
2026-06-13 19:08:24,234 WARNING  core.grabcut_worker: GrabCut ValueError (request_id=38): GrabCutに前景候補が見つかりませんでした。別の範囲を指定してください。
2026-06-13 19:08:24,244 WARNING  ui.main_window: GrabCutエラー (初回): GrabCutに前景候補が見つかりませんでした。別の範囲を指定してください。
2026-06-13 19:08:51,792 INFO     ui.main_window: GrabCutリクエスト受信: request_id=39, rect=(124, 271, 133, 158), mode=remove
2026-06-13 19:08:51,799 INFO     core.grabcut_worker: GrabCutWorker 開始 (request_id=39, task=INITIAL)
2026-06-13 19:08:51,799 INFO     core.grabcut_tool: GrabCutSession生成開始: 元画像 960x960, 矩形 (124, 271, 133, 158), 反復 5
2026-06-13 19:08:51,800 INFO     core.grabcut_tool: ROI: x=92 y=239 w=197 h=222
2026-06-13 19:08:51,800 INFO     core.grabcut_tool: GrabCut実行: 処理解像度 197x222, 矩形 (32,32,133,158), 反復 5
2026-06-13 19:08:51,888 WARNING  core.grabcut_worker: GrabCut ValueError (request_id=39): GrabCutに前景候補が見つかりませんでした。別の範囲を指定してください。
2026-06-13 19:08:51,932 WARNING  ui.main_window: GrabCutエラー (初回): GrabCutに前景候補が見つかりませんでした。別の範囲を指定してください。
2026-06-13 19:08:55,155 INFO     ui.main_window: GrabCutリクエスト受信: request_id=40, rect=(124, 284, 253, 196), mode=remove
2026-06-13 19:08:55,162 INFO     core.grabcut_worker: GrabCutWorker 開始 (request_id=40, task=INITIAL)
2026-06-13 19:08:55,163 INFO     core.grabcut_tool: GrabCutSession生成開始: 元画像 960x960, 矩形 (124, 284, 253, 196), 反復 5
2026-06-13 19:08:55,163 INFO     core.grabcut_tool: ROI: x=92 y=252 w=317 h=260
2026-06-13 19:08:55,163 INFO     core.grabcut_tool: GrabCut実行: 処理解像度 317x260, 矩形 (32,32,253,196), 反復 5
2026-06-13 19:08:56,107 INFO     core.grabcut_tool: GrabCutSession生成完了: 縮小率 1.0000, 処理解像度 317x260, 前景率 20.72%, 処理時間 0.944秒
2026-06-13 19:08:56,107 INFO     core.grabcut_worker: GrabCutWorker 完了 (request_id=40): 処理時間 0.944秒, 縮小率 1.0000
2026-06-13 19:08:56,112 INFO     ui.main_window: 古いGrabCut結果を破棄 (request_id=-1, current=40)
2026-06-13 19:08:59,961 INFO     ui.main_window: GrabCutリクエスト受信: request_id=41, rect=(138, 303, 166, 139), mode=remove
2026-06-13 19:08:59,968 INFO     core.grabcut_worker: GrabCutWorker 開始 (request_id=41, task=INITIAL)
2026-06-13 19:08:59,968 INFO     core.grabcut_tool: GrabCutSession生成開始: 元画像 960x960, 矩形 (138, 303, 166, 139), 反復 5
2026-06-13 19:08:59,969 INFO     core.grabcut_tool: ROI: x=106 y=271 w=230 h=203
2026-06-13 19:08:59,969 INFO     core.grabcut_tool: GrabCut実行: 処理解像度 230x203, 矩形 (32,32,166,139), 反復 5
2026-06-13 19:09:00,092 WARNING  core.grabcut_worker: GrabCut ValueError (request_id=41): GrabCutに前景候補が見つかりませんでした。別の範囲を指定してください。
2026-06-13 19:09:00,102 WARNING  ui.main_window: GrabCutエラー (初回): GrabCutに前景候補が見つかりませんでした。別の範囲を指定してください。
2026-06-13 19:09:05,301 INFO     ui.main_window: GrabCutリクエスト受信: request_id=42, rect=(78, 261, 294, 215), mode=remove
2026-06-13 19:09:05,309 INFO     core.grabcut_worker: GrabCutWorker 開始 (request_id=42, task=INITIAL)
2026-06-13 19:09:05,309 INFO     core.grabcut_tool: GrabCutSession生成開始: 元画像 960x960, 矩形 (78, 261, 294, 215), 反復 5
2026-06-13 19:09:05,309 INFO     core.grabcut_tool: ROI: x=46 y=229 w=358 h=279
2026-06-13 19:09:05,309 INFO     core.grabcut_tool: GrabCut実行: 処理解像度 358x279, 矩形 (32,32,294,215), 反復 5
2026-06-13 19:09:06,284 INFO     core.grabcut_tool: GrabCutSession生成完了: 縮小率 1.0000, 処理解像度 358x279, 前景率 20.02%, 処理時間 0.975秒
2026-06-13 19:09:06,285 INFO     core.grabcut_worker: GrabCutWorker 完了 (request_id=42): 処理時間 0.975秒, 縮小率 1.0000
2026-06-13 19:09:06,288 INFO     ui.main_window: GrabCut完了: 元画像 960x960 | ROI 358x279 | 処理 358x279 | 縮小率 1.000 | 処理時間 0.98秒
